2021/06/23 12:19:31 [KeyMan] Refresh L0
2021/06/23 12:19:31 [KeyMan] *** Key Server Ready ***
2021/06/23 12:19:31 [KeyMan] Listening at: https://100.0.0.1:9090/
2021/06/23 12:19:31 [Forwarder] Forwarder started
2021/06/23 12:19:31 [Forwarder] Started processing Ingress Traffic
2021/06/23 12:19:31 [Forwarder] Started processing Egress Traffic
2021/06/23 12:19:41 d1-eth1 received packet --> d1-eth0
2021/06/23 12:19:42 PACKET: 70 bytes, wire length 70 cap length 70 @ 2021-06-23 12:19:41.163558 +0000 UTC
- Layer 1 (14 bytes) = Ethernet	{Contents=[..14..] Payload=[..56..] SrcMAC=9a:98:76:fc:16:db DstMAC=33:33:00:00:00:02 EthernetType=IPv6 Length=0}
- Layer 2 (40 bytes) = IPv6	{Contents=[..40..] Payload=[..16..] Version=6 TrafficClass=0 FlowLabel=0 Length=16 NextHeader=ICMPv6 HopLimit=255 SrcIP=fe80::9898:76ff:fefc:16db DstIP=ff02::2 HopByHop=nil}
- Layer 3 (04 bytes) = ICMPv6	{Contents=[133, 0, 46, 78] Payload=[..12..] TypeCode=RouterSolicitation Checksum=11854 TypeBytes=[]}
- Layer 4 (00 bytes) = ICMPv6RouterSolicitation	{Contents=[] Payload=[] Options=[ICMPv6Option(SourceAddress:9a:98:76:fc:16:db)]}

2021/06/23 12:19:42 Parsing info from Mondrian packet
2021/06/23 12:19:42 No IPv4 Layer decoded
2021/06/23 12:19:49 d1-eth0 received packet --> d1-eth1
2021/06/23 12:19:49 PACKET: 70 bytes, wire length 70 cap length 70 @ 2021-06-23 12:19:48.840398 +0000 UTC
- Layer 1 (14 bytes) = Ethernet	{Contents=[..14..] Payload=[..56..] SrcMAC=86:33:94:8a:21:c6 DstMAC=33:33:00:00:00:02 EthernetType=IPv6 Length=0}
- Layer 2 (40 bytes) = IPv6	{Contents=[..40..] Payload=[..16..] Version=6 TrafficClass=0 FlowLabel=0 Length=16 NextHeader=ICMPv6 HopLimit=255 SrcIP=fe80::8433:94ff:fe8a:21c6 DstIP=ff02::2 HopByHop=nil}
- Layer 3 (04 bytes) = ICMPv6	{Contents=[133, 0, 6, 38] Payload=[..12..] TypeCode=RouterSolicitation Checksum=1574 TypeBytes=[]}
- Layer 4 (00 bytes) = ICMPv6RouterSolicitation	{Contents=[] Payload=[] Options=[ICMPv6Option(SourceAddress:86:33:94:8a:21:c6)]}

2021/06/23 12:19:49 No IPv4 Layer decoded
2021/06/23 12:20:15 d1-eth0 received packet --> d1-eth1
2021/06/23 12:20:15 PACKET: 42 bytes, wire length 42 cap length 42 @ 2021-06-23 12:20:14.789341 +0000 UTC
- Layer 1 (14 bytes) = Ethernet	{Contents=[..14..] Payload=[..28..] SrcMAC=86:33:94:8a:21:c6 DstMAC=ff:ff:ff:ff:ff:ff EthernetType=ARP Length=0}
- Layer 2 (28 bytes) = ARP	{Contents=[..28..] Payload=[] AddrType=Ethernet Protocol=IPv4 HwAddressSize=6 ProtAddressSize=4 Operation=1 SourceHwAddress=[..6..] SourceProtAddress=[30, 0, 0, 1] DstHwAddress=[..6..] DstProtAddress=[30, 0, 0, 2]}

2021/06/23 12:20:15 No IPv4 Layer decoded
2021/06/23 12:20:16 d1-eth0 received packet --> d1-eth1
2021/06/23 12:20:16 PACKET: 42 bytes, wire length 42 cap length 42 @ 2021-06-23 12:20:15.807868 +0000 UTC
- Layer 1 (14 bytes) = Ethernet	{Contents=[..14..] Payload=[..28..] SrcMAC=86:33:94:8a:21:c6 DstMAC=ff:ff:ff:ff:ff:ff EthernetType=ARP Length=0}
- Layer 2 (28 bytes) = ARP	{Contents=[..28..] Payload=[] AddrType=Ethernet Protocol=IPv4 HwAddressSize=6 ProtAddressSize=4 Operation=1 SourceHwAddress=[..6..] SourceProtAddress=[30, 0, 0, 1] DstHwAddress=[..6..] DstProtAddress=[30, 0, 0, 2]}

2021/06/23 12:20:16 No IPv4 Layer decoded
2021/06/23 12:20:17 d1-eth0 received packet --> d1-eth1
2021/06/23 12:20:17 PACKET: 42 bytes, wire length 42 cap length 42 @ 2021-06-23 12:20:16.830746 +0000 UTC
- Layer 1 (14 bytes) = Ethernet	{Contents=[..14..] Payload=[..28..] SrcMAC=86:33:94:8a:21:c6 DstMAC=ff:ff:ff:ff:ff:ff EthernetType=ARP Length=0}
- Layer 2 (28 bytes) = ARP	{Contents=[..28..] Payload=[] AddrType=Ethernet Protocol=IPv4 HwAddressSize=6 ProtAddressSize=4 Operation=1 SourceHwAddress=[..6..] SourceProtAddress=[30, 0, 0, 1] DstHwAddress=[..6..] DstProtAddress=[30, 0, 0, 2]}

2021/06/23 12:20:17 No IPv4 Layer decoded
2021/06/23 12:20:18 d1-eth0 received packet --> d1-eth1
2021/06/23 12:20:18 PACKET: 42 bytes, wire length 42 cap length 42 @ 2021-06-23 12:20:17.859582 +0000 UTC
- Layer 1 (14 bytes) = Ethernet	{Contents=[..14..] Payload=[..28..] SrcMAC=86:33:94:8a:21:c6 DstMAC=ff:ff:ff:ff:ff:ff EthernetType=ARP Length=0}
- Layer 2 (28 bytes) = ARP	{Contents=[..28..] Payload=[] AddrType=Ethernet Protocol=IPv4 HwAddressSize=6 ProtAddressSize=4 Operation=1 SourceHwAddress=[..6..] SourceProtAddress=[30, 0, 0, 1] DstHwAddress=[..6..] DstProtAddress=[30, 0, 0, 2]}

2021/06/23 12:20:18 No IPv4 Layer decoded
2021/06/23 12:20:18 d1-eth1 received packet --> d1-eth0
2021/06/23 12:20:18 PACKET: 42 bytes, wire length 42 cap length 42 @ 2021-06-23 12:20:17.923012 +0000 UTC
- Layer 1 (14 bytes) = Ethernet	{Contents=[..14..] Payload=[..28..] SrcMAC=9a:98:76:fc:16:db DstMAC=86:33:94:8a:21:c6 EthernetType=ARP Length=0}
- Layer 2 (28 bytes) = ARP	{Contents=[..28..] Payload=[] AddrType=Ethernet Protocol=IPv4 HwAddressSize=6 ProtAddressSize=4 Operation=2 SourceHwAddress=[..6..] SourceProtAddress=[30, 0, 0, 2] DstHwAddress=[..6..] DstProtAddress=[30, 0, 0, 1]}

2021/06/23 12:20:18 Parsing info from Mondrian packet
2021/06/23 12:20:18 No IPv4 Layer decoded
2021/06/23 12:20:18 d1-eth1 received packet --> d1-eth0
2021/06/23 12:20:18 PACKET: 42 bytes, wire length 42 cap length 42 @ 2021-06-23 12:20:17.924325 +0000 UTC
- Layer 1 (14 bytes) = Ethernet	{Contents=[..14..] Payload=[..28..] SrcMAC=9a:98:76:fc:16:db DstMAC=86:33:94:8a:21:c6 EthernetType=ARP Length=0}
- Layer 2 (28 bytes) = ARP	{Contents=[..28..] Payload=[] AddrType=Ethernet Protocol=IPv4 HwAddressSize=6 ProtAddressSize=4 Operation=2 SourceHwAddress=[..6..] SourceProtAddress=[30, 0, 0, 2] DstHwAddress=[..6..] DstProtAddress=[30, 0, 0, 1]}

2021/06/23 12:20:18 Parsing info from Mondrian packet
2021/06/23 12:20:18 No IPv4 Layer decoded
2021/06/23 12:20:19 d1-eth0 received packet --> d1-eth1
2021/06/23 12:20:19 PACKET: 42 bytes, wire length 42 cap length 42 @ 2021-06-23 12:20:18.882702 +0000 UTC
- Layer 1 (14 bytes) = Ethernet	{Contents=[..14..] Payload=[..28..] SrcMAC=86:33:94:8a:21:c6 DstMAC=ff:ff:ff:ff:ff:ff EthernetType=ARP Length=0}
- Layer 2 (28 bytes) = ARP	{Contents=[..28..] Payload=[] AddrType=Ethernet Protocol=IPv4 HwAddressSize=6 ProtAddressSize=4 Operation=1 SourceHwAddress=[..6..] SourceProtAddress=[30, 0, 0, 1] DstHwAddress=[..6..] DstProtAddress=[30, 0, 0, 2]}

2021/06/23 12:20:19 No IPv4 Layer decoded
2021/06/23 12:20:19 d1-eth0 received packet --> d1-eth1
2021/06/23 12:20:19 PACKET: 98 bytes, wire length 98 cap length 98 @ 2021-06-23 12:20:18.884361 +0000 UTC
- Layer 1 (14 bytes) = Ethernet	{Contents=[..14..] Payload=[..84..] SrcMAC=86:33:94:8a:21:c6 DstMAC=9a:98:76:fc:16:db EthernetType=IPv4 Length=0}
- Layer 2 (20 bytes) = IPv4	{Contents=[..20..] Payload=[..64..] Version=4 IHL=5 TOS=0 Length=84 Id=1252 Flags=DF FragOffset=0 TTL=63 Protocol=ICMPv4 Checksum=5826 SrcIP=10.0.1.2 DstIP=20.0.1.2 Options=[] Padding=[]}
- Layer 3 (08 bytes) = ICMPv4	{Contents=[..8..] Payload=[..56..] TypeCode=EchoRequest Checksum=27297 Id=23522 Seq=4}
- Layer 4 (56 bytes) = Payload	56 byte(s)

2021/06/23 12:20:19 [KeyMan] GetKey(srcTP=30.0.0.1, destTP=30.0.0.2, zone=1)
2021/06/23 12:20:19 [KeyMan] Key not in egressL1Keys or expired
2021/06/23 12:20:20 [KeyMan] Deriving L2 Key for zone 1
2021/06/23 12:20:20 [193 116 17 89 76 20 214 30 117 105 15 206 69 49 208 85]
2021/06/23 12:20:20 Unencrypted Payload:
2021/06/23 12:20:20 [154 152 118 252 22 219 134 51 148 138 33 198 8 0 69 0 0 84 4 228 64 0 63 1 22 194 10 0 1 2 20 0 1 2 8 0 106 161 91 226 0 4 1 39 211 96 0 0 0 0 145 29 13 0 0 0 0 0 16 17 18 19 20 21 22 23 24 25 26 27 28 29 30 31 32 33 34 35 36 37 38 39 40 41 42 43 44 45 46 47 48 49 50 51 52 53 54 55]
2021/06/23 12:20:20 [154 152 118 252 22 219 134 51 148 138 33 198 8 0 69 0 0 84 4 228 64 0 63 1 22 194 10 0 1 2 20 0 1 2 8 0 106 161 91 226 0 4 1 39 211 96 0 0 0 0 145 29 13 0 0 0 0 0 16 17 18 19 20 21 22 23 24 25 26 27 28 29 30 31 32 33 34 35 36 37 38 39 40 41 42 43 44 45 46 47 48 49 50 51 52 53 54 55]
2021/06/23 12:20:20 [0 0 0 0 0 0 0 0 0 0 0 0 0 0 0 0]
2021/06/23 12:20:20 [82 253 252 7 33 130 101 79 22 63 95 15]
2021/06/23 12:20:20 [1 1 0 0 4 39 211 96 82 253 252 7 33 130 101 79 22 63 95 15 0 0 0 0 0 0 0 0 0 0 0 0 0 0 0 0]
2021/06/23 12:20:20 Encrypted Payload:
2021/06/23 12:20:20 [234 114 232 125 150 126 180 132 130 207 127 58 1 157 125 231 212 184 146 157 92 248 18 209 104 146 168 245 239 99 207 204 24 228 28 113 166 96 217 10 144 79 19 51 115 161 157 12 231 54 39 245 220 185 214 35 71 203 229 96 247 42 110 117 145 205 77 85 231 50 164 99 225 250 32 245 199 170 141 24 155 140 112 75 114 46 89 133 3 153 54 5 217 238 134 174 151 193]
2021/06/23 12:20:20 [5 148 241 232 62 46 163 151 196 33 232 107 41 206 160 48]
2021/06/23 12:20:20 [82 253 252 7 33 130 101 79 22 63 95 15]
2021/06/23 12:20:20 [1 1 0 0 4 39 211 96 82 253 252 7 33 130 101 79 22 63 95 15 0 0 0 0 0 0 0 0 0 0 0 0 0 0 0 0]
2021/06/23 12:20:20 Mondiran Packet:
2021/06/23 12:20:20 PACKET: 168 bytes
- Layer 1 (14 bytes) = Ethernet	{Contents=[..14..] Payload=[..154..] SrcMAC=86:33:94:8a:21:c6 DstMAC=9a:98:76:fc:16:db EthernetType=IPv4 Length=0}
- Layer 2 (20 bytes) = IPv4	{Contents=[..20..] Payload=[..134..] Version=4 IHL=5 TOS=0 Length=154 Id=0 Flags= FragOffset=0 TTL=0 Protocol=VRRP Checksum=0 SrcIP=30.0.0.1 DstIP=30.0.0.2 Options=[] Padding=[]}
- Layer 3 (36 bytes) = Mondrian	{Contents=[..36..] Payload=[..98..] Type=1 ZoneID=1 TimeStamp=2021-06-23 12:20:20 +0000 UTC Nonce=[..12..] MAC=[..16..]}
- Layer 4 (98 bytes) = Payload	98 byte(s)

2021/06/23 12:20:20 d1-eth0 received packet --> d1-eth1
2021/06/23 12:20:20 PACKET: 98 bytes, wire length 98 cap length 98 @ 2021-06-23 12:20:18.886103 +0000 UTC
- Layer 1 (14 bytes) = Ethernet	{Contents=[..14..] Payload=[..84..] SrcMAC=86:33:94:8a:21:c6 DstMAC=9a:98:76:fc:16:db EthernetType=IPv4 Length=0}
- Layer 2 (20 bytes) = IPv4	{Contents=[..20..] Payload=[..64..] Version=4 IHL=5 TOS=0 Length=84 Id=1320 Flags=DF FragOffset=0 TTL=63 Protocol=ICMPv4 Checksum=5758 SrcIP=10.0.1.2 DstIP=20.0.1.2 Options=[] Padding=[]}
- Layer 3 (08 bytes) = ICMPv4	{Contents=[..8..] Payload=[..56..] TypeCode=EchoRequest Checksum=26425 Id=23522 Seq=5}
- Layer 4 (56 bytes) = Payload	56 byte(s)

2021/06/23 12:20:20 [KeyMan] GetKey(srcTP=30.0.0.1, destTP=30.0.0.2, zone=1)
2021/06/23 12:20:20 [KeyMan] Key in egressL1Keys and not expired
2021/06/23 12:20:20 [KeyMan] Deriving L2 Key for zone 1
2021/06/23 12:20:20 [193 116 17 89 76 20 214 30 117 105 15 206 69 49 208 85]
2021/06/23 12:20:20 Unencrypted Payload:
2021/06/23 12:20:20 [154 152 118 252 22 219 134 51 148 138 33 198 8 0 69 0 0 84 5 40 64 0 63 1 22 126 10 0 1 2 20 0 1 2 8 0 103 57 91 226 0 5 2 39 211 96 0 0 0 0 147 132 13 0 0 0 0 0 16 17 18 19 20 21 22 23 24 25 26 27 28 29 30 31 32 33 34 35 36 37 38 39 40 41 42 43 44 45 46 47 48 49 50 51 52 53 54 55]
2021/06/23 12:20:20 [154 152 118 252 22 219 134 51 148 138 33 198 8 0 69 0 0 84 5 40 64 0 63 1 22 126 10 0 1 2 20 0 1 2 8 0 103 57 91 226 0 5 2 39 211 96 0 0 0 0 147 132 13 0 0 0 0 0 16 17 18 19 20 21 22 23 24 25 26 27 28 29 30 31 32 33 34 35 36 37 38 39 40 41 42 43 44 45 46 47 48 49 50 51 52 53 54 55]
2021/06/23 12:20:20 [0 0 0 0 0 0 0 0 0 0 0 0 0 0 0 0]
2021/06/23 12:20:20 [154 98 29 114 149 102 199 77 16 3 124 77]
2021/06/23 12:20:20 [1 1 0 0 4 39 211 96 154 98 29 114 149 102 199 77 16 3 124 77 0 0 0 0 0 0 0 0 0 0 0 0 0 0 0 0]
2021/06/23 12:20:20 Encrypted Payload:
2021/06/23 12:20:20 [168 191 77 171 152 127 158 105 66 8 53 117 84 21 191 152 179 130 203 178 6 213 107 91 57 183 66 182 80 124 43 126 249 108 241 24 155 7 209 214 40 116 59 52 75 58 139 122 224 122 158 97 9 117 93 12 64 100 231 242 60 227 150 53 202 87 183 16 97 169 17 77 189 121 130 109 102 173 66 189 140 139 232 253 249 37 29 84 69 150 165 57 202 118 130 244 103 199]
2021/06/23 12:20:20 [77 220 1 240 131 33 71 234 3 173 123 169 122 215 128 44]
2021/06/23 12:20:20 [154 98 29 114 149 102 199 77 16 3 124 77]
2021/06/23 12:20:20 [1 1 0 0 4 39 211 96 154 98 29 114 149 102 199 77 16 3 124 77 0 0 0 0 0 0 0 0 0 0 0 0 0 0 0 0]
2021/06/23 12:20:20 Mondiran Packet:
2021/06/23 12:20:20 PACKET: 168 bytes
- Layer 1 (14 bytes) = Ethernet	{Contents=[..14..] Payload=[..154..] SrcMAC=86:33:94:8a:21:c6 DstMAC=9a:98:76:fc:16:db EthernetType=IPv4 Length=0}
- Layer 2 (20 bytes) = IPv4	{Contents=[..20..] Payload=[..134..] Version=4 IHL=5 TOS=0 Length=154 Id=0 Flags= FragOffset=0 TTL=0 Protocol=VRRP Checksum=0 SrcIP=30.0.0.1 DstIP=30.0.0.2 Options=[] Padding=[]}
- Layer 3 (36 bytes) = Mondrian	{Contents=[..36..] Payload=[..98..] Type=1 ZoneID=1 TimeStamp=2021-06-23 12:20:20 +0000 UTC Nonce=[..12..] MAC=[..16..]}
- Layer 4 (98 bytes) = Payload	98 byte(s)

2021/06/23 12:20:20 d1-eth1 received packet --> d1-eth0
2021/06/23 12:20:20 PACKET: 42 bytes, wire length 42 cap length 42 @ 2021-06-23 12:20:20.185203 +0000 UTC
- Layer 1 (14 bytes) = Ethernet	{Contents=[..14..] Payload=[..28..] SrcMAC=9a:98:76:fc:16:db DstMAC=86:33:94:8a:21:c6 EthernetType=ARP Length=0}
- Layer 2 (28 bytes) = ARP	{Contents=[..28..] Payload=[] AddrType=Ethernet Protocol=IPv4 HwAddressSize=6 ProtAddressSize=4 Operation=2 SourceHwAddress=[..6..] SourceProtAddress=[30, 0, 0, 2] DstHwAddress=[..6..] DstProtAddress=[30, 0, 0, 1]}

2021/06/23 12:20:20 Parsing info from Mondrian packet
2021/06/23 12:20:20 No IPv4 Layer decoded
2021/06/23 12:20:20 d1-eth0 received packet --> d1-eth1
2021/06/23 12:20:20 PACKET: 98 bytes, wire length 98 cap length 98 @ 2021-06-23 12:20:19.904478 +0000 UTC
- Layer 1 (14 bytes) = Ethernet	{Contents=[..14..] Payload=[..84..] SrcMAC=86:33:94:8a:21:c6 DstMAC=9a:98:76:fc:16:db EthernetType=IPv4 Length=0}
- Layer 2 (20 bytes) = IPv4	{Contents=[..20..] Payload=[..64..] Version=4 IHL=5 TOS=0 Length=84 Id=1546 Flags=DF FragOffset=0 TTL=63 Protocol=ICMPv4 Checksum=5532 SrcIP=10.0.1.2 DstIP=20.0.1.2 Options=[] Padding=[]}
- Layer 3 (08 bytes) = ICMPv4	{Contents=[..8..] Payload=[..56..] TypeCode=EchoRequest Checksum=63983 Id=23522 Seq=6}
- Layer 4 (56 bytes) = Payload	56 byte(s)

2021/06/23 12:20:20 [KeyMan] GetKey(srcTP=30.0.0.1, destTP=30.0.0.2, zone=1)
2021/06/23 12:20:20 [KeyMan] Key in egressL1Keys and not expired
2021/06/23 12:20:20 [KeyMan] Deriving L2 Key for zone 1
2021/06/23 12:20:20 [193 116 17 89 76 20 214 30 117 105 15 206 69 49 208 85]
2021/06/23 12:20:20 Unencrypted Payload:
2021/06/23 12:20:20 [154 152 118 252 22 219 134 51 148 138 33 198 8 0 69 0 0 84 6 10 64 0 63 1 21 156 10 0 1 2 20 0 1 2 8 0 249 239 91 226 0 6 3 39 211 96 0 0 0 0 255 204 13 0 0 0 0 0 16 17 18 19 20 21 22 23 24 25 26 27 28 29 30 31 32 33 34 35 36 37 38 39 40 41 42 43 44 45 46 47 48 49 50 51 52 53 54 55]
2021/06/23 12:20:20 [154 152 118 252 22 219 134 51 148 138 33 198 8 0 69 0 0 84 6 10 64 0 63 1 21 156 10 0 1 2 20 0 1 2 8 0 249 239 91 226 0 6 3 39 211 96 0 0 0 0 255 204 13 0 0 0 0 0 16 17 18 19 20 21 22 23 24 25 26 27 28 29 30 31 32 33 34 35 36 37 38 39 40 41 42 43 44 45 46 47 48 49 50 51 52 53 54 55]
2021/06/23 12:20:20 [0 0 0 0 0 0 0 0 0 0 0 0 0 0 0 0]
2021/06/23 12:20:20 [123 187 4 7 209 226 198 73 129 133 90 216]
2021/06/23 12:20:20 [1 1 0 0 4 39 211 96 123 187 4 7 209 226 198 73 129 133 90 216 0 0 0 0 0 0 0 0 0 0 0 0 0 0 0 0]
2021/06/23 12:20:20 Encrypted Payload:
2021/06/23 12:20:20 [36 70 115 76 147 251 152 106 80 30 238 17 225 8 85 62 219 116 177 235 154 120 75 53 196 16 167 131 80 173 198 163 203 15 49 72 12 11 55 205 137 165 161 4 35 34 77 201 114 236 232 169 71 21 147 48 65 254 48 225 177 220 141 143 4 109 156 27 255 183 76 214 225 50 226 87 199 114 64 195 83 154 28 214 80 238 237 40 75 180 237 152 125 56 4 240 69 251]
2021/06/23 12:20:20 [17 173 196 40 245 74 147 37 74 4 253 239 109 187 69 30]
2021/06/23 12:20:20 [123 187 4 7 209 226 198 73 129 133 90 216]
2021/06/23 12:20:20 [1 1 0 0 4 39 211 96 123 187 4 7 209 226 198 73 129 133 90 216 0 0 0 0 0 0 0 0 0 0 0 0 0 0 0 0]
2021/06/23 12:20:20 Mondiran Packet:
2021/06/23 12:20:20 PACKET: 168 bytes
- Layer 1 (14 bytes) = Ethernet	{Contents=[..14..] Payload=[..154..] SrcMAC=86:33:94:8a:21:c6 DstMAC=9a:98:76:fc:16:db EthernetType=IPv4 Length=0}
- Layer 2 (20 bytes) = IPv4	{Contents=[..20..] Payload=[..134..] Version=4 IHL=5 TOS=0 Length=154 Id=0 Flags= FragOffset=0 TTL=0 Protocol=VRRP Checksum=0 SrcIP=30.0.0.1 DstIP=30.0.0.2 Options=[] Padding=[]}
- Layer 3 (36 bytes) = Mondrian	{Contents=[..36..] Payload=[..98..] Type=1 ZoneID=1 TimeStamp=2021-06-23 12:20:20 +0000 UTC Nonce=[..12..] MAC=[..16..]}
- Layer 4 (98 bytes) = Payload	98 byte(s)

2021/06/23 12:20:21 d1-eth1 received packet --> d1-eth0
2021/06/23 12:20:21 PACKET: 42 bytes, wire length 42 cap length 42 @ 2021-06-23 12:20:21.051301 +0000 UTC
- Layer 1 (14 bytes) = Ethernet	{Contents=[..14..] Payload=[..28..] SrcMAC=9a:98:76:fc:16:db DstMAC=86:33:94:8a:21:c6 EthernetType=ARP Length=0}
- Layer 2 (28 bytes) = ARP	{Contents=[..28..] Payload=[] AddrType=Ethernet Protocol=IPv4 HwAddressSize=6 ProtAddressSize=4 Operation=2 SourceHwAddress=[..6..] SourceProtAddress=[30, 0, 0, 2] DstHwAddress=[..6..] DstProtAddress=[30, 0, 0, 1]}

2021/06/23 12:20:21 Parsing info from Mondrian packet
2021/06/23 12:20:21 No IPv4 Layer decoded
2021/06/23 12:20:21 d1-eth0 received packet --> d1-eth1
2021/06/23 12:20:21 PACKET: 98 bytes, wire length 98 cap length 98 @ 2021-06-23 12:20:20.934672 +0000 UTC
- Layer 1 (14 bytes) = Ethernet	{Contents=[..14..] Payload=[..84..] SrcMAC=86:33:94:8a:21:c6 DstMAC=9a:98:76:fc:16:db EthernetType=IPv4 Length=0}
- Layer 2 (20 bytes) = IPv4	{Contents=[..20..] Payload=[..64..] Version=4 IHL=5 TOS=0 Length=84 Id=1799 Flags=DF FragOffset=0 TTL=63 Protocol=ICMPv4 Checksum=5279 SrcIP=10.0.1.2 DstIP=20.0.1.2 Options=[] Padding=[]}
- Layer 3 (08 bytes) = ICMPv4	{Contents=[..8..] Payload=[..56..] TypeCode=EchoRequest Checksum=3705 Id=23522 Seq=7}
- Layer 4 (56 bytes) = Payload	56 byte(s)

2021/06/23 12:20:21 [KeyMan] GetKey(srcTP=30.0.0.1, destTP=30.0.0.2, zone=1)
2021/06/23 12:20:21 [KeyMan] Key in egressL1Keys and not expired
2021/06/23 12:20:21 [KeyMan] Deriving L2 Key for zone 1
2021/06/23 12:20:21 [193 116 17 89 76 20 214 30 117 105 15 206 69 49 208 85]
2021/06/23 12:20:21 Unencrypted Payload:
2021/06/23 12:20:21 [154 152 118 252 22 219 134 51 148 138 33 198 8 0 69 0 0 84 7 7 64 0 63 1 20 159 10 0 1 2 20 0 1 2 8 0 14 121 91 226 0 7 4 39 211 96 0 0 0 0 233 66 14 0 0 0 0 0 16 17 18 19 20 21 22 23 24 25 26 27 28 29 30 31 32 33 34 35 36 37 38 39 40 41 42 43 44 45 46 47 48 49 50 51 52 53 54 55]
2021/06/23 12:20:21 [154 152 118 252 22 219 134 51 148 138 33 198 8 0 69 0 0 84 7 7 64 0 63 1 20 159 10 0 1 2 20 0 1 2 8 0 14 121 91 226 0 7 4 39 211 96 0 0 0 0 233 66 14 0 0 0 0 0 16 17 18 19 20 21 22 23 24 25 26 27 28 29 30 31 32 33 34 35 36 37 38 39 40 41 42 43 44 45 46 47 48 49 50 51 52 53 54 55]
2021/06/23 12:20:21 [0 0 0 0 0 0 0 0 0 0 0 0 0 0 0 0]
2021/06/23 12:20:21 [104 29 13 134 209 233 30 0 22 121 57 203]
2021/06/23 12:20:21 [1 1 0 0 5 39 211 96 104 29 13 134 209 233 30 0 22 121 57 203 0 0 0 0 0 0 0 0 0 0 0 0 0 0 0 0]
2021/06/23 12:20:21 Encrypted Payload:
2021/06/23 12:20:22 [182 33 165 97 200 243 102 195 127 111 185 216 173 27 226 212 77 85 178 219 42 214 59 175 10 142 120 45 169 84 176 178 19 101 211 112 166 96 195 247 18 137 208 1 171 188 49 68 145 219 252 49 146 102 222 157 49 6 222 62 220 246 149 64 221 153 209 118 252 155 227 148 43 252 201 192 255 99 131 24 245 5 211 122 194 165 247 51 90 236 108 44 115 81 237 26 67 168]
2021/06/23 12:20:22 [37 252 239 252 75 114 101 89 32 20 61 236 3 214 36 21]
2021/06/23 12:20:22 [104 29 13 134 209 233 30 0 22 121 57 203]
2021/06/23 12:20:22 [1 1 0 0 5 39 211 96 104 29 13 134 209 233 30 0 22 121 57 203 0 0 0 0 0 0 0 0 0 0 0 0 0 0 0 0]
2021/06/23 12:20:22 Mondiran Packet:
2021/06/23 12:20:22 PACKET: 168 bytes
- Layer 1 (14 bytes) = Ethernet	{Contents=[..14..] Payload=[..154..] SrcMAC=86:33:94:8a:21:c6 DstMAC=9a:98:76:fc:16:db EthernetType=IPv4 Length=0}
- Layer 2 (20 bytes) = IPv4	{Contents=[..20..] Payload=[..134..] Version=4 IHL=5 TOS=0 Length=154 Id=0 Flags= FragOffset=0 TTL=0 Protocol=VRRP Checksum=0 SrcIP=30.0.0.1 DstIP=30.0.0.2 Options=[] Padding=[]}
- Layer 3 (36 bytes) = Mondrian	{Contents=[..36..] Payload=[..98..] Type=1 ZoneID=1 TimeStamp=2021-06-23 12:20:21 +0000 UTC Nonce=[..12..] MAC=[..16..]}
- Layer 4 (98 bytes) = Payload	98 byte(s)

2021/06/23 12:20:22 [KeyMan] L1ReqHandler triggered
2021/06/23 12:20:22 [KeyMan] Key not in ingressL1Keys or expired
2021/06/23 12:20:22 [KeyMan] Deriving L1 Key for 30.0.0.2
2021/06/23 12:20:22 d1-eth0 received packet --> d1-eth1
2021/06/23 12:20:22 PACKET: 98 bytes, wire length 98 cap length 98 @ 2021-06-23 12:20:21.950789 +0000 UTC
- Layer 1 (14 bytes) = Ethernet	{Contents=[..14..] Payload=[..84..] SrcMAC=86:33:94:8a:21:c6 DstMAC=9a:98:76:fc:16:db EthernetType=IPv4 Length=0}
- Layer 2 (20 bytes) = IPv4	{Contents=[..20..] Payload=[..64..] Version=4 IHL=5 TOS=0 Length=84 Id=1889 Flags=DF FragOffset=0 TTL=63 Protocol=ICMPv4 Checksum=5189 SrcIP=10.0.1.2 DstIP=20.0.1.2 Options=[] Padding=[]}
- Layer 3 (08 bytes) = ICMPv4	{Contents=[..8..] Payload=[..56..] TypeCode=EchoRequest Checksum=9273 Id=23522 Seq=8}
- Layer 4 (56 bytes) = Payload	56 byte(s)

2021/06/23 12:20:22 [KeyMan] GetKey(srcTP=30.0.0.1, destTP=30.0.0.2, zone=1)
2021/06/23 12:20:22 [KeyMan] Key in egressL1Keys and not expired
2021/06/23 12:20:22 [KeyMan] Deriving L2 Key for zone 1
2021/06/23 12:20:22 [193 116 17 89 76 20 214 30 117 105 15 206 69 49 208 85]
2021/06/23 12:20:22 d1-eth1 received packet --> d1-eth0
2021/06/23 12:20:23 PACKET: 42 bytes, wire length 42 cap length 42 @ 2021-06-23 12:20:22.158286 +0000 UTC
- Layer 1 (14 bytes) = Ethernet	{Contents=[..14..] Payload=[..28..] SrcMAC=9a:98:76:fc:16:db DstMAC=86:33:94:8a:21:c6 EthernetType=ARP Length=0}
- Layer 2 (28 bytes) = ARP	{Contents=[..28..] Payload=[] AddrType=Ethernet Protocol=IPv4 HwAddressSize=6 ProtAddressSize=4 Operation=2 SourceHwAddress=[..6..] SourceProtAddress=[30, 0, 0, 2] DstHwAddress=[..6..] DstProtAddress=[30, 0, 0, 1]}

2021/06/23 12:20:23 Parsing info from Mondrian packet
2021/06/23 12:20:23 Unencrypted Payload:
2021/06/23 12:20:23 [154 152 118 252 22 219 134 51 148 138 33 198 8 0 69 0 0 84 7 97 64 0 63 1 20 69 10 0 1 2 20 0 1 2 8 0 36 57 91 226 0 8 5 39 211 96 0 0 0 0 210 129 14 0 0 0 0 0 16 17 18 19 20 21 22 23 24 25 26 27 28 29 30 31 32 33 34 35 36 37 38 39 40 41 42 43 44 45 46 47 48 49 50 51 52 53 54 55]
2021/06/23 12:20:23 [154 152 118 252 22 219 134 51 148 138 33 198 8 0 69 0 0 84 7 97 64 0 63 1 20 69 10 0 1 2 20 0 1 2 8 0 36 57 91 226 0 8 5 39 211 96 0 0 0 0 210 129 14 0 0 0 0 0 16 17 18 19 20 21 22 23 24 25 26 27 28 29 30 31 32 33 34 35 36 37 38 39 40 41 42 43 44 45 46 47 48 49 50 51 52 53 54 55]
2021/06/23 12:20:23 [0 0 0 0 0 0 0 0 0 0 0 0 0 0 0 0]
2021/06/23 12:20:23 [102 148 210 196 34 172 210 8 160 7 41 57]
2021/06/23 12:20:23 [1 1 0 0 6 39 211 96 102 148 210 196 34 172 210 8 160 7 41 57 0 0 0 0 0 0 0 0 0 0 0 0 0 0 0 0]
2021/06/23 12:20:23 Encrypted Payload:
2021/06/23 12:20:23 No IPv4 Layer decoded
2021/06/23 12:20:23 d1-eth1 received packet --> d1-eth0
2021/06/23 12:20:23 PACKET: 168 bytes, wire length 168 cap length 168 @ 2021-06-23 12:20:22.552859 +0000 UTC
- Layer 1 (14 bytes) = Ethernet	{Contents=[..14..] Payload=[..154..] SrcMAC=9a:98:76:fc:16:db DstMAC=86:33:94:8a:21:c6 EthernetType=IPv4 Length=0}
- Layer 2 (20 bytes) = IPv4	{Contents=[..20..] Payload=[..134..] Version=4 IHL=5 TOS=0 Length=154 Id=0 Flags= FragOffset=0 TTL=0 Protocol=VRRP Checksum=0 SrcIP=30.0.0.2 DstIP=30.0.0.1 Options=[] Padding=[]}
- Layer 3 (36 bytes) = Mondrian	{Contents=[..36..] Payload=[..98..] Type=1 ZoneID=1 TimeStamp=2021-06-23 12:20:22 +0000 UTC Nonce=[..12..] MAC=[..16..]}
- Layer 4 (98 bytes) = Payload	98 byte(s)

2021/06/23 12:20:23 Parsing info from Mondrian packet
2021/06/23 12:20:23 IP layer detected
2021/06/23 12:20:23 [74 49 159 10 4 184 207 137 118 49 111 182 216 145 120 59 7 117 44 99 37 81 23 51 0 176 104 104 229 3 94 166 115 200 92 200 101 137 92 221 41 6 22 25 38 39 173 24 165 152 118 183 245 191 12 17 66 163 14 222 106 214 217 29 197 96 161 254 221 67 105 40 163 99 2 143 163 10 249 234 203 73 1 17 203 153 185 244 211 107 228 219 211 243 87 164 151 21]
2021/06/23 12:20:23 [202 69 231 55 245 22 89 101 28 254 37 224 149 42 44 41]
2021/06/23 12:20:23 [102 148 210 196 34 172 210 8 160 7 41 57]
2021/06/23 12:20:23 [1 1 0 0 6 39 211 96 102 148 210 196 34 172 210 8 160 7 41 57 0 0 0 0 0 0 0 0 0 0 0 0 0 0 0 0]
2021/06/23 12:20:23 Mondiran Packet:
2021/06/23 12:20:23 PACKET: 168 bytes
- Layer 1 (14 bytes) = Ethernet	{Contents=[..14..] Payload=[..154..] SrcMAC=86:33:94:8a:21:c6 DstMAC=9a:98:76:fc:16:db EthernetType=IPv4 Length=0}
- Layer 2 (20 bytes) = IPv4	{Contents=[..20..] Payload=[..134..] Version=4 IHL=5 TOS=0 Length=154 Id=0 Flags= FragOffset=0 TTL=0 Protocol=VRRP Checksum=0 SrcIP=30.0.0.1 DstIP=30.0.0.2 Options=[] Padding=[]}
- Layer 3 (36 bytes) = Mondrian	{Contents=[..36..] Payload=[..98..] Type=1 ZoneID=1 TimeStamp=2021-06-23 12:20:22 +0000 UTC Nonce=[..12..] MAC=[..16..]}
- Layer 4 (98 bytes) = Payload	98 byte(s)

2021/06/23 12:20:23 Mondrian layer detected
2021/06/23 12:20:23 [KeyMan] GetKey(srcTP=30.0.0.2, destTP=30.0.0.1, zone=1)
2021/06/23 12:20:23 [KeyMan] Key in ingressL1Keys and not expired
2021/06/23 12:20:23 [KeyMan] Deriving L2 Key for zone 1
2021/06/23 12:20:23 30.0.0.1
2021/06/23 12:20:23 30.0.0.2
2021/06/23 12:20:23 1
2021/06/23 12:20:23 [181 144 72 74 156 87 50 134 18 80 147 203 75 214 90 113]
2021/06/23 12:20:23 Encrypted Payload:
2021/06/23 12:20:23 d1-eth0 received packet --> d1-eth1
2021/06/23 12:20:23 PACKET: 98 bytes, wire length 98 cap length 98 @ 2021-06-23 12:20:22.981857 +0000 UTC
- Layer 1 (14 bytes) = Ethernet	{Contents=[..14..] Payload=[..84..] SrcMAC=86:33:94:8a:21:c6 DstMAC=9a:98:76:fc:16:db EthernetType=IPv4 Length=0}
- Layer 2 (20 bytes) = IPv4	{Contents=[..20..] Payload=[..64..] Version=4 IHL=5 TOS=0 Length=84 Id=1967 Flags=DF FragOffset=0 TTL=63 Protocol=ICMPv4 Checksum=5111 SrcIP=10.0.1.2 DstIP=20.0.1.2 Options=[] Padding=[]}
- Layer 3 (08 bytes) = ICMPv4	{Contents=[..8..] Payload=[..56..] TypeCode=EchoRequest Checksum=46782 Id=23522 Seq=9}
- Layer 4 (56 bytes) = Payload	56 byte(s)

2021/06/23 12:20:23 [KeyMan] GetKey(srcTP=30.0.0.1, destTP=30.0.0.2, zone=1)
2021/06/23 12:20:23 [KeyMan] Key in egressL1Keys and not expired
2021/06/23 12:20:23 [KeyMan] Deriving L2 Key for zone 1
2021/06/23 12:20:23 [193 116 17 89 76 20 214 30 117 105 15 206 69 49 208 85]
2021/06/23 12:20:23 Unencrypted Payload:
2021/06/23 12:20:23 [154 152 118 252 22 219 134 51 148 138 33 198 8 0 69 0 0 84 7 175 64 0 63 1 19 247 10 0 1 2 20 0 1 2 8 0 182 190 91 226 0 9 6 39 211 96 0 0 0 0 62 251 14 0 0 0 0 0 16 17 18 19 20 21 22 23 24 25 26 27 28 29 30 31 32 33 34 35 36 37 38 39 40 41 42 43 44 45 46 47 48 49 50 51 52 53 54 55]
2021/06/23 12:20:23 [154 152 118 252 22 219 134 51 148 138 33 198 8 0 69 0 0 84 7 175 64 0 63 1 19 247 10 0 1 2 20 0 1 2 8 0 182 190 91 226 0 9 6 39 211 96 0 0 0 0 62 251 14 0 0 0 0 0 16 17 18 19 20 21 22 23 24 25 26 27 28 29 30 31 32 33 34 35 36 37 38 39 40 41 42 43 44 45 46 47 48 49 50 51 52 53 54 55]
2021/06/23 12:20:23 [0 0 0 0 0 0 0 0 0 0 0 0 0 0 0 0]
2021/06/23 12:20:23 [72 127 105 153 235 157 24 164 71 132 4 93]
2021/06/23 12:20:24 [1 1 0 0 7 39 211 96 72 127 105 153 235 157 24 164 71 132 4 93 0 0 0 0 0 0 0 0 0 0 0 0 0 0 0 0]
2021/06/23 12:20:24 [39 142 167 59 138 153 233 108 67 32 224 196 201 202 15 237 42 6 8 177 186 112 210 198 90 206 238 132 225 49 209 181 73 139 102 117 96 198 141 119 202 133 38 248 74 254 73 5 251 4 18 157 241 111 202 12 79 78 64 197 254 206 230 253 230 173 104 106 1 91 123 87 243 88 208 36 119 184 53 80 232 8 250 121 96 51 230 232 89 34 120 225 210 253 78 133 117 175]
2021/06/23 12:20:24 [39 161 176 29 45 187 43 217 42 81 87 211 156 230 151 61]
2021/06/23 12:20:24 [82 253 252 7 33 130 101 79 22 63 95 15]
2021/06/23 12:20:24 [1 1 0 0 6 39 211 96 82 253 252 7 33 130 101 79 22 63 95 15 39 161 176 29 45 187 43 217 42 81 87 211 156 230 151 61]
2021/06/23 12:20:24 Unencrypted Payload:
2021/06/23 12:20:24 Encrypted Payload:
2021/06/23 12:20:24 [196 166 122 148 76 251 20 242 5 105 44 92 125 147 4 1 244 223 254 7 70 28 29 237 18 222 64 172 190 250 111 139 210 189 200 13 75 198 191 74 110 13 119 174 254 187 253 113 76 115 203 198 188 248 131 185 36 44 186 34 79 180 149 61 82 240 181 83 151 81 143 180 251 227 103 176 106 134 211 58 82 55 109 94 168 190 45 175 184 128 104 100 63 222 87 17 155 95]
2021/06/23 12:20:24 [134 51 148 138 33 198 154 152 118 252 22 219 8 0 69 0 0 84 255 248 0 0 63 1 91 173 20 0 1 2 10 0 1 2 0 0 114 161 91 226 0 4 1 39 211 96 0 0 0 0 145 29 13 0 0 0 0 0 16 17 18 19 20 21 22 23 24 25 26 27 28 29 30 31 32 33 34 35 36 37 38 39 40 41 42 43 44 45 46 47 48 49 50 51 52 53 54 55]
2021/06/23 12:20:24 [39 161 176 29 45 187 43 217 42 81 87 211 156 230 151 61]
2021/06/23 12:20:24 [82 253 252 7 33 130 101 79 22 63 95 15]
2021/06/23 12:20:24 [1 1 0 0 6 39 211 96 82 253 252 7 33 130 101 79 22 63 95 15 39 161 176 29 45 187 43 217 42 81 87 211 156 230 151 61]
2021/06/23 12:20:24 PACKET: 98 bytes
- Layer 1 (14 bytes) = Ethernet	{Contents=[..14..] Payload=[..84..] SrcMAC=9a:98:76:fc:16:db DstMAC=86:33:94:8a:21:c6 EthernetType=IPv4 Length=0}
- Layer 2 (20 bytes) = IPv4	{Contents=[..20..] Payload=[..64..] Version=4 IHL=5 TOS=0 Length=84 Id=65528 Flags= FragOffset=0 TTL=63 Protocol=ICMPv4 Checksum=23469 SrcIP=20.0.1.2 DstIP=10.0.1.2 Options=[] Padding=[]}
- Layer 3 (08 bytes) = ICMPv4	{Contents=[..8..] Payload=[..56..] TypeCode=EchoReply Checksum=29345 Id=23522 Seq=4}
- Layer 4 (56 bytes) = Payload	56 byte(s)

2021/06/23 12:20:24 d1-eth1 received packet --> d1-eth0
2021/06/23 12:20:24 PACKET: 168 bytes, wire length 168 cap length 168 @ 2021-06-23 12:20:22.564747 +0000 UTC
- Layer 1 (14 bytes) = Ethernet	{Contents=[..14..] Payload=[..154..] SrcMAC=9a:98:76:fc:16:db DstMAC=86:33:94:8a:21:c6 EthernetType=IPv4 Length=0}
- Layer 2 (20 bytes) = IPv4	{Contents=[..20..] Payload=[..134..] Version=4 IHL=5 TOS=0 Length=154 Id=0 Flags= FragOffset=0 TTL=0 Protocol=VRRP Checksum=0 SrcIP=30.0.0.2 DstIP=30.0.0.1 Options=[] Padding=[]}
- Layer 3 (36 bytes) = Mondrian	{Contents=[..36..] Payload=[..98..] Type=1 ZoneID=1 TimeStamp=2021-06-23 12:20:22 +0000 UTC Nonce=[..12..] MAC=[..16..]}
- Layer 4 (98 bytes) = Payload	98 byte(s)

2021/06/23 12:20:24 [221 120 142 61 56 231 50 88 189 113 159 91 216 162 67 213]
2021/06/23 12:20:24 [72 127 105 153 235 157 24 164 71 132 4 93]
2021/06/23 12:20:24 [1 1 0 0 7 39 211 96 72 127 105 153 235 157 24 164 71 132 4 93 0 0 0 0 0 0 0 0 0 0 0 0 0 0 0 0]
2021/06/23 12:20:24 Mondiran Packet:
2021/06/23 12:20:24 PACKET: 168 bytes
- Layer 1 (14 bytes) = Ethernet	{Contents=[..14..] Payload=[..154..] SrcMAC=86:33:94:8a:21:c6 DstMAC=9a:98:76:fc:16:db EthernetType=IPv4 Length=0}
- Layer 2 (20 bytes) = IPv4	{Contents=[..20..] Payload=[..134..] Version=4 IHL=5 TOS=0 Length=154 Id=0 Flags= FragOffset=0 TTL=0 Protocol=VRRP Checksum=0 SrcIP=30.0.0.1 DstIP=30.0.0.2 Options=[] Padding=[]}
- Layer 3 (36 bytes) = Mondrian	{Contents=[..36..] Payload=[..98..] Type=1 ZoneID=1 TimeStamp=2021-06-23 12:20:23 +0000 UTC Nonce=[..12..] MAC=[..16..]}
- Layer 4 (98 bytes) = Payload	98 byte(s)

2021/06/23 12:20:24 Parsing info from Mondrian packet
2021/06/23 12:20:24 IP layer detected
2021/06/23 12:20:24 Mondrian layer detected
2021/06/23 12:20:24 [KeyMan] GetKey(srcTP=30.0.0.2, destTP=30.0.0.1, zone=1)
2021/06/23 12:20:24 [KeyMan] Key in ingressL1Keys and not expired
2021/06/23 12:20:24 [KeyMan] Deriving L2 Key for zone 1
2021/06/23 12:20:24 30.0.0.1
2021/06/23 12:20:24 30.0.0.2
2021/06/23 12:20:24 1
2021/06/23 12:20:24 [181 144 72 74 156 87 50 134 18 80 147 203 75 214 90 113]
2021/06/23 12:20:24 Encrypted Payload:
2021/06/23 12:20:24 [101 191 72 39 40 212 224 11 123 43 211 121 103 57 141 105 184 217 218 43 22 11 5 205 199 77 233 56 66 42 139 8 217 168 103 12 190 208 142 177 245 108 100 41 245 57 112 201 77 75 98 124 23 164 64 193 193 163 88 46 98 150 33 170 46 17 91 10 95 54 116 238 62 157 201 242 63 191 178 59 139 255 123 126 105 100 50 92 48 68 172 70 104 96 99 94 175 63]
2021/06/23 12:20:24 [137 246 167 107 10 124 19 248 66 166 223 244 120 254 117 94]
2021/06/23 12:20:24 [154 98 29 114 149 102 199 77 16 3 124 77]
2021/06/23 12:20:24 [1 1 0 0 6 39 211 96 154 98 29 114 149 102 199 77 16 3 124 77 137 246 167 107 10 124 19 248 66 166 223 244 120 254 117 94]
2021/06/23 12:20:24 Unencrypted Payload:
2021/06/23 12:20:24 [134 51 148 138 33 198 154 152 118 252 22 219 8 0 69 0 0 84 0 52 0 0 63 1 91 114 20 0 1 2 10 0 1 2 0 0 111 57 91 226 0 5 2 39 211 96 0 0 0 0 147 132 13 0 0 0 0 0 16 17 18 19 20 21 22 23 24 25 26 27 28 29 30 31 32 33 34 35 36 37 38 39 40 41 42 43 44 45 46 47 48 49 50 51 52 53 54 55]
2021/06/23 12:20:24 [137 246 167 107 10 124 19 248 66 166 223 244 120 254 117 94]
2021/06/23 12:20:24 [154 98 29 114 149 102 199 77 16 3 124 77]
2021/06/23 12:20:24 [1 1 0 0 6 39 211 96 154 98 29 114 149 102 199 77 16 3 124 77 137 246 167 107 10 124 19 248 66 166 223 244 120 254 117 94]
2021/06/23 12:20:24 PACKET: 98 bytes
- Layer 1 (14 bytes) = Ethernet	{Contents=[..14..] Payload=[..84..] SrcMAC=9a:98:76:fc:16:db DstMAC=86:33:94:8a:21:c6 EthernetType=IPv4 Length=0}
- Layer 2 (20 bytes) = IPv4	{Contents=[..20..] Payload=[..64..] Version=4 IHL=5 TOS=0 Length=84 Id=52 Flags= FragOffset=0 TTL=63 Protocol=ICMPv4 Checksum=23410 SrcIP=20.0.1.2 DstIP=10.0.1.2 Options=[] Padding=[]}
- Layer 3 (08 bytes) = ICMPv4	{Contents=[..8..] Payload=[..56..] TypeCode=EchoReply Checksum=28473 Id=23522 Seq=5}
- Layer 4 (56 bytes) = Payload	56 byte(s)

2021/06/23 12:20:24 d1-eth1 received packet --> d1-eth0
2021/06/23 12:20:24 PACKET: 168 bytes, wire length 168 cap length 168 @ 2021-06-23 12:20:23.541671 +0000 UTC
- Layer 1 (14 bytes) = Ethernet	{Contents=[..14..] Payload=[..154..] SrcMAC=9a:98:76:fc:16:db DstMAC=86:33:94:8a:21:c6 EthernetType=IPv4 Length=0}
- Layer 2 (20 bytes) = IPv4	{Contents=[..20..] Payload=[..134..] Version=4 IHL=5 TOS=0 Length=154 Id=0 Flags= FragOffset=0 TTL=0 Protocol=VRRP Checksum=0 SrcIP=30.0.0.2 DstIP=30.0.0.1 Options=[] Padding=[]}
- Layer 3 (36 bytes) = Mondrian	{Contents=[..36..] Payload=[..98..] Type=1 ZoneID=1 TimeStamp=2021-06-23 12:20:23 +0000 UTC Nonce=[..12..] MAC=[..16..]}
- Layer 4 (98 bytes) = Payload	98 byte(s)

2021/06/23 12:20:24 d1-eth0 received packet --> d1-eth1
2021/06/23 12:20:25 PACKET: 98 bytes, wire length 98 cap length 98 @ 2021-06-23 12:20:24.002695 +0000 UTC
- Layer 1 (14 bytes) = Ethernet	{Contents=[..14..] Payload=[..84..] SrcMAC=86:33:94:8a:21:c6 DstMAC=9a:98:76:fc:16:db EthernetType=IPv4 Length=0}
- Layer 2 (20 bytes) = IPv4	{Contents=[..20..] Payload=[..64..] Version=4 IHL=5 TOS=0 Length=84 Id=2104 Flags=DF FragOffset=0 TTL=63 Protocol=ICMPv4 Checksum=4974 SrcIP=10.0.1.2 DstIP=20.0.1.2 Options=[] Padding=[]}
- Layer 3 (08 bytes) = ICMPv4	{Contents=[..8..] Payload=[..56..] TypeCode=EchoRequest Checksum=40366 Id=23522 Seq=10}
- Layer 4 (56 bytes) = Payload	56 byte(s)

2021/06/23 12:20:25 [KeyMan] GetKey(srcTP=30.0.0.1, destTP=30.0.0.2, zone=1)
2021/06/23 12:20:25 [KeyMan] Key in egressL1Keys and not expired
2021/06/23 12:20:25 [KeyMan] Deriving L2 Key for zone 1
2021/06/23 12:20:25 [193 116 17 89 76 20 214 30 117 105 15 206 69 49 208 85]
2021/06/23 12:20:25 Unencrypted Payload:
2021/06/23 12:20:25 [154 152 118 252 22 219 134 51 148 138 33 198 8 0 69 0 0 84 8 56 64 0 63 1 19 110 10 0 1 2 20 0 1 2 8 0 157 174 91 226 0 10 8 39 211 96 0 0 0 0 100 10 0 0 0 0 0 0 16 17 18 19 20 21 22 23 24 25 26 27 28 29 30 31 32 33 34 35 36 37 38 39 40 41 42 43 44 45 46 47 48 49 50 51 52 53 54 55]
2021/06/23 12:20:25 [154 152 118 252 22 219 134 51 148 138 33 198 8 0 69 0 0 84 8 56 64 0 63 1 19 110 10 0 1 2 20 0 1 2 8 0 157 174 91 226 0 10 8 39 211 96 0 0 0 0 100 10 0 0 0 0 0 0 16 17 18 19 20 21 22 23 24 25 26 27 28 29 30 31 32 33 34 35 36 37 38 39 40 41 42 43 44 45 46 47 48 49 50 51 52 53 54 55]
2021/06/23 12:20:25 [0 0 0 0 0 0 0 0 0 0 0 0 0 0 0 0]
2021/06/23 12:20:25 [135 243 198 124 242 39 70 233 149 175 90 37]
2021/06/23 12:20:25 Parsing info from Mondrian packet
2021/06/23 12:20:25 IP layer detected
2021/06/23 12:20:25 Mondrian layer detected
2021/06/23 12:20:25 [KeyMan] GetKey(srcTP=30.0.0.2, destTP=30.0.0.1, zone=1)
2021/06/23 12:20:25 [KeyMan] Key in ingressL1Keys and not expired
2021/06/23 12:20:25 [KeyMan] Deriving L2 Key for zone 1
2021/06/23 12:20:25 30.0.0.1
2021/06/23 12:20:25 30.0.0.2
2021/06/23 12:20:25 1
2021/06/23 12:20:25 [181 144 72 74 156 87 50 134 18 80 147 203 75 214 90 113]
2021/06/23 12:20:25 [1 1 0 0 9 39 211 96 135 243 198 124 242 39 70 233 149 175 90 37 0 0 0 0 0 0 0 0 0 0 0 0 0 0 0 0]
2021/06/23 12:20:25 Encrypted Payload:
2021/06/23 12:20:25 [22 91 152 144 111 72 62 127 230 142 17 101 117 87 163 36 179 64 51 21 59 236 135 252 21 12 239 42 176 111 23 223 122 116 160 19 2 172 239 220 188 165 140 226 146 192 117 80 59 28 129 120 254 18 174 191 147 94 249 26 28 144 125 129 6 188 134 120 152 214 44 164 12 149 75 68 2 78 4 156 175 166 115 236 188 228 8 184 38 70 49 189 23 106 18 29 221 154]
2021/06/23 12:20:25 Encrypted Payload:
2021/06/23 12:20:25 [138 156 140 99 40 0 222 185 64 61 34 198 103 182 33 5 5 43 109 206 159 61 10 200 75 150 12 155 91 164 42 186 151 89 179 100 41 28 196 134 38 141 234 168 121 39 31 17 243 3 32 41 116 253 219 7 51 244 119 69 140 1 67 212 5 73 89 225 170 63 84 229 222 39 114 231 180 210 11 187 178 214 204 48 136 49 70 244 150 204 10 123 252 86 0 63 42 110]
2021/06/23 12:20:25 [31 143 87 181 238 171 222 58 56 223 59 102 194 250 187 77]
2021/06/23 12:20:25 [123 187 4 7 209 226 198 73 129 133 90 216]
2021/06/23 12:20:25 [1 1 0 0 7 39 211 96 123 187 4 7 209 226 198 73 129 133 90 216 31 143 87 181 238 171 222 58 56 223 59 102 194 250 187 77]
2021/06/23 12:20:25 Unencrypted Payload:
2021/06/23 12:20:25 [134 51 148 138 33 198 154 152 118 252 22 219 8 0 69 0 0 84 0 57 0 0 63 1 91 109 20 0 1 2 10 0 1 2 0 0 1 240 91 226 0 6 3 39 211 96 0 0 0 0 255 204 13 0 0 0 0 0 16 17 18 19 20 21 22 23 24 25 26 27 28 29 30 31 32 33 34 35 36 37 38 39 40 41 42 43 44 45 46 47 48 49 50 51 52 53 54 55]
2021/06/23 12:20:25 [31 143 87 181 238 171 222 58 56 223 59 102 194 250 187 77]
2021/06/23 12:20:25 [123 187 4 7 209 226 198 73 129 133 90 216]
2021/06/23 12:20:25 [1 1 0 0 7 39 211 96 123 187 4 7 209 226 198 73 129 133 90 216 31 143 87 181 238 171 222 58 56 223 59 102 194 250 187 77]
2021/06/23 12:20:25 PACKET: 98 bytes
- Layer 1 (14 bytes) = Ethernet	{Contents=[..14..] Payload=[..84..] SrcMAC=9a:98:76:fc:16:db DstMAC=86:33:94:8a:21:c6 EthernetType=IPv4 Length=0}
- Layer 2 (20 bytes) = IPv4	{Contents=[..20..] Payload=[..64..] Version=4 IHL=5 TOS=0 Length=84 Id=57 Flags= FragOffset=0 TTL=63 Protocol=ICMPv4 Checksum=23405 SrcIP=20.0.1.2 DstIP=10.0.1.2 Options=[] Padding=[]}
- Layer 3 (08 bytes) = ICMPv4	{Contents=[..8..] Payload=[..56..] TypeCode=EchoReply Checksum=496 Id=23522 Seq=6}
- Layer 4 (56 bytes) = Payload	56 byte(s)

2021/06/23 12:20:25 [193 185 214 71 132 194 189 39 165 130 129 241 29 12 49 213]
2021/06/23 12:20:25 [135 243 198 124 242 39 70 233 149 175 90 37]
2021/06/23 12:20:25 [1 1 0 0 9 39 211 96 135 243 198 124 242 39 70 233 149 175 90 37 0 0 0 0 0 0 0 0 0 0 0 0 0 0 0 0]
2021/06/23 12:20:25 Mondiran Packet:
2021/06/23 12:20:25 PACKET: 168 bytes
- Layer 1 (14 bytes) = Ethernet	{Contents=[..14..] Payload=[..154..] SrcMAC=86:33:94:8a:21:c6 DstMAC=9a:98:76:fc:16:db EthernetType=IPv4 Length=0}
- Layer 2 (20 bytes) = IPv4	{Contents=[..20..] Payload=[..134..] Version=4 IHL=5 TOS=0 Length=154 Id=0 Flags= FragOffset=0 TTL=0 Protocol=VRRP Checksum=0 SrcIP=30.0.0.1 DstIP=30.0.0.2 Options=[] Padding=[]}
- Layer 3 (36 bytes) = Mondrian	{Contents=[..36..] Payload=[..98..] Type=1 ZoneID=1 TimeStamp=2021-06-23 12:20:25 +0000 UTC Nonce=[..12..] MAC=[..16..]}
- Layer 4 (98 bytes) = Payload	98 byte(s)

2021/06/23 12:20:25 d1-eth1 received packet --> d1-eth0
2021/06/23 12:20:26 PACKET: 168 bytes, wire length 168 cap length 168 @ 2021-06-23 12:20:25.135009 +0000 UTC
- Layer 1 (14 bytes) = Ethernet	{Contents=[..14..] Payload=[..154..] SrcMAC=9a:98:76:fc:16:db DstMAC=86:33:94:8a:21:c6 EthernetType=IPv4 Length=0}
- Layer 2 (20 bytes) = IPv4	{Contents=[..20..] Payload=[..134..] Version=4 IHL=5 TOS=0 Length=154 Id=0 Flags= FragOffset=0 TTL=0 Protocol=VRRP Checksum=0 SrcIP=30.0.0.2 DstIP=30.0.0.1 Options=[] Padding=[]}
- Layer 3 (36 bytes) = Mondrian	{Contents=[..36..] Payload=[..98..] Type=1 ZoneID=1 TimeStamp=2021-06-23 12:20:24 +0000 UTC Nonce=[..12..] MAC=[..16..]}
- Layer 4 (98 bytes) = Payload	98 byte(s)

2021/06/23 12:20:26 Parsing info from Mondrian packet
2021/06/23 12:20:26 d1-eth0 received packet --> d1-eth1
2021/06/23 12:20:26 PACKET: 98 bytes, wire length 98 cap length 98 @ 2021-06-23 12:20:25.012885 +0000 UTC
- Layer 1 (14 bytes) = Ethernet	{Contents=[..14..] Payload=[..84..] SrcMAC=86:33:94:8a:21:c6 DstMAC=9a:98:76:fc:16:db EthernetType=IPv4 Length=0}
- Layer 2 (20 bytes) = IPv4	{Contents=[..20..] Payload=[..64..] Version=4 IHL=5 TOS=0 Length=84 Id=2166 Flags=DF FragOffset=0 TTL=63 Protocol=ICMPv4 Checksum=4912 SrcIP=10.0.1.2 DstIP=20.0.1.2 Options=[] Padding=[]}
- Layer 3 (08 bytes) = ICMPv4	{Contents=[..8..] Payload=[..56..] TypeCode=EchoRequest Checksum=54405 Id=23522 Seq=11}
- Layer 4 (56 bytes) = Payload	56 byte(s)

2021/06/23 12:20:26 [KeyMan] GetKey(srcTP=30.0.0.1, destTP=30.0.0.2, zone=1)
2021/06/23 12:20:26 [KeyMan] Key in egressL1Keys and not expired
2021/06/23 12:20:26 [KeyMan] Deriving L2 Key for zone 1
2021/06/23 12:20:26 [193 116 17 89 76 20 214 30 117 105 15 206 69 49 208 85]
2021/06/23 12:20:26 Unencrypted Payload:
2021/06/23 12:20:26 [154 152 118 252 22 219 134 51 148 138 33 198 8 0 69 0 0 84 8 118 64 0 63 1 19 48 10 0 1 2 20 0 1 2 8 0 212 133 91 226 0 11 9 39 211 96 0 0 0 0 44 50 0 0 0 0 0 0 16 17 18 19 20 21 22 23 24 25 26 27 28 29 30 31 32 33 34 35 36 37 38 39 40 41 42 43 44 45 46 47 48 49 50 51 52 53 54 55]
2021/06/23 12:20:26 [154 152 118 252 22 219 134 51 148 138 33 198 8 0 69 0 0 84 8 118 64 0 63 1 19 48 10 0 1 2 20 0 1 2 8 0 212 133 91 226 0 11 9 39 211 96 0 0 0 0 44 50 0 0 0 0 0 0 16 17 18 19 20 21 22 23 24 25 26 27 28 29 30 31 32 33 34 35 36 37 38 39 40 41 42 43 44 45 46 47 48 49 50 51 52 53 54 55]
2021/06/23 12:20:26 IP layer detected
2021/06/23 12:20:26 Mondrian layer detected
2021/06/23 12:20:26 [0 0 0 0 0 0 0 0 0 0 0 0 0 0 0 0]
2021/06/23 12:20:26 [54 121 81 186 162 255 108 212 113 196 131 241]
2021/06/23 12:20:26 [KeyMan] GetKey(srcTP=30.0.0.2, destTP=30.0.0.1, zone=1)
2021/06/23 12:20:26 [KeyMan] Key in ingressL1Keys and not expired
2021/06/23 12:20:26 [KeyMan] Deriving L2 Key for zone 1
2021/06/23 12:20:26 [1 1 0 0 10 39 211 96 54 121 81 186 162 255 108 212 113 196 131 241 0 0 0 0 0 0 0 0 0 0 0 0 0 0 0 0]
2021/06/23 12:20:26 Encrypted Payload:
2021/06/23 12:20:26 [226 180 97 220 21 0 182 245 101 212 136 157 88 103 95 39 140 160 183 232 92 43 174 87 233 237 77 26 14 13 162 73 124 20 64 58 1 144 231 9 255 187 119 36 28 11 146 57 96 190 86 88 251 40 254 241 31 92 63 237 76 3 88 70 45 28 226 26 93 70 6 55 137 17 189 167 100 0 79 139 8 241 57 140 16 24 8 74 125 208 52 191 224 77 59 10 253 192]
2021/06/23 12:20:26 [137 11 135 91 148 61 82 230 250 254 253 154 15 130 97 234]
2021/06/23 12:20:26 [54 121 81 186 162 255 108 212 113 196 131 241]
2021/06/23 12:20:26 [1 1 0 0 10 39 211 96 54 121 81 186 162 255 108 212 113 196 131 241 0 0 0 0 0 0 0 0 0 0 0 0 0 0 0 0]
2021/06/23 12:20:26 Mondiran Packet:
2021/06/23 12:20:26 PACKET: 168 bytes
- Layer 1 (14 bytes) = Ethernet	{Contents=[..14..] Payload=[..154..] SrcMAC=86:33:94:8a:21:c6 DstMAC=9a:98:76:fc:16:db EthernetType=IPv4 Length=0}
- Layer 2 (20 bytes) = IPv4	{Contents=[..20..] Payload=[..134..] Version=4 IHL=5 TOS=0 Length=154 Id=0 Flags= FragOffset=0 TTL=0 Protocol=VRRP Checksum=0 SrcIP=30.0.0.1 DstIP=30.0.0.2 Options=[] Padding=[]}
- Layer 3 (36 bytes) = Mondrian	{Contents=[..36..] Payload=[..98..] Type=1 ZoneID=1 TimeStamp=2021-06-23 12:20:26 +0000 UTC Nonce=[..12..] MAC=[..16..]}
- Layer 4 (98 bytes) = Payload	98 byte(s)

2021/06/23 12:20:26 30.0.0.1
2021/06/23 12:20:26 30.0.0.2
2021/06/23 12:20:26 1
2021/06/23 12:20:26 [181 144 72 74 156 87 50 134 18 80 147 203 75 214 90 113]
2021/06/23 12:20:26 Encrypted Payload:
2021/06/23 12:20:26 [236 230 156 28 7 25 82 165 241 26 58 134 35 51 114 172 114 139 202 138 71 46 229 59 37 14 141 249 117 227 201 5 146 62 255 55 145 60 94 244 31 45 225 191 90 16 194 50 9 222 109 84 162 48 0 59 31 127 14 29 72 76 250 56 26 185 255 81 198 98 143 69 196 235 20 55 205 138 109 5 170 9 119 54 97 81 220 191 19 130 178 27 153 149 104 224 64 26]
2021/06/23 12:20:26 [167 191 234 27 81 137 54 62 96 111 236 110 193 17 166 46]
2021/06/23 12:20:26 [104 29 13 134 209 233 30 0 22 121 57 203]
2021/06/23 12:20:26 [1 1 0 0 8 39 211 96 104 29 13 134 209 233 30 0 22 121 57 203 167 191 234 27 81 137 54 62 96 111 236 110 193 17 166 46]
2021/06/23 12:20:26 Unencrypted Payload:
2021/06/23 12:20:26 [134 51 148 138 33 198 154 152 118 252 22 219 8 0 69 0 0 84 0 230 0 0 63 1 90 192 20 0 1 2 10 0 1 2 0 0 22 121 91 226 0 7 4 39 211 96 0 0 0 0 233 66 14 0 0 0 0 0 16 17 18 19 20 21 22 23 24 25 26 27 28 29 30 31 32 33 34 35 36 37 38 39 40 41 42 43 44 45 46 47 48 49 50 51 52 53 54 55]
2021/06/23 12:20:26 [167 191 234 27 81 137 54 62 96 111 236 110 193 17 166 46]
2021/06/23 12:20:26 [104 29 13 134 209 233 30 0 22 121 57 203]
2021/06/23 12:20:26 [1 1 0 0 8 39 211 96 104 29 13 134 209 233 30 0 22 121 57 203 167 191 234 27 81 137 54 62 96 111 236 110 193 17 166 46]
2021/06/23 12:20:26 PACKET: 98 bytes
- Layer 1 (14 bytes) = Ethernet	{Contents=[..14..] Payload=[..84..] SrcMAC=9a:98:76:fc:16:db DstMAC=86:33:94:8a:21:c6 EthernetType=IPv4 Length=0}
- Layer 2 (20 bytes) = IPv4	{Contents=[..20..] Payload=[..64..] Version=4 IHL=5 TOS=0 Length=84 Id=230 Flags= FragOffset=0 TTL=63 Protocol=ICMPv4 Checksum=23232 SrcIP=20.0.1.2 DstIP=10.0.1.2 Options=[] Padding=[]}
- Layer 3 (08 bytes) = ICMPv4	{Contents=[..8..] Payload=[..56..] TypeCode=EchoReply Checksum=5753 Id=23522 Seq=7}
- Layer 4 (56 bytes) = Payload	56 byte(s)

2021/06/23 12:20:27 d1-eth0 received packet --> d1-eth1
2021/06/23 12:20:27 PACKET: 98 bytes, wire length 98 cap length 98 @ 2021-06-23 12:20:26.014664 +0000 UTC
- Layer 1 (14 bytes) = Ethernet	{Contents=[..14..] Payload=[..84..] SrcMAC=86:33:94:8a:21:c6 DstMAC=9a:98:76:fc:16:db EthernetType=IPv4 Length=0}
- Layer 2 (20 bytes) = IPv4	{Contents=[..20..] Payload=[..64..] Version=4 IHL=5 TOS=0 Length=84 Id=2234 Flags=DF FragOffset=0 TTL=63 Protocol=ICMPv4 Checksum=4844 SrcIP=10.0.1.2 DstIP=20.0.1.2 Options=[] Padding=[]}
- Layer 3 (08 bytes) = ICMPv4	{Contents=[..8..] Payload=[..56..] TypeCode=EchoRequest Checksum=57981 Id=23522 Seq=12}
- Layer 4 (56 bytes) = Payload	56 byte(s)

2021/06/23 12:20:27 [KeyMan] GetKey(srcTP=30.0.0.1, destTP=30.0.0.2, zone=1)
2021/06/23 12:20:27 [KeyMan] Key in egressL1Keys and not expired
2021/06/23 12:20:27 [KeyMan] Deriving L2 Key for zone 1
2021/06/23 12:20:27 [193 116 17 89 76 20 214 30 117 105 15 206 69 49 208 85]
2021/06/23 12:20:27 Unencrypted Payload:
2021/06/23 12:20:27 d1-eth1 received packet --> d1-eth0
2021/06/23 12:20:27 PACKET: 168 bytes, wire length 168 cap length 168 @ 2021-06-23 12:20:26.694229 +0000 UTC
- Layer 1 (14 bytes) = Ethernet	{Contents=[..14..] Payload=[..154..] SrcMAC=9a:98:76:fc:16:db DstMAC=86:33:94:8a:21:c6 EthernetType=IPv4 Length=0}
- Layer 2 (20 bytes) = IPv4	{Contents=[..20..] Payload=[..134..] Version=4 IHL=5 TOS=0 Length=154 Id=0 Flags= FragOffset=0 TTL=0 Protocol=VRRP Checksum=0 SrcIP=30.0.0.2 DstIP=30.0.0.1 Options=[] Padding=[]}
- Layer 3 (36 bytes) = Mondrian	{Contents=[..36..] Payload=[..98..] Type=1 ZoneID=1 TimeStamp=2021-06-23 12:20:26 +0000 UTC Nonce=[..12..] MAC=[..16..]}
- Layer 4 (98 bytes) = Payload	98 byte(s)

2021/06/23 12:20:27 Parsing info from Mondrian packet
2021/06/23 12:20:27 IP layer detected
2021/06/23 12:20:27 [154 152 118 252 22 219 134 51 148 138 33 198 8 0 69 0 0 84 8 186 64 0 63 1 18 236 10 0 1 2 20 0 1 2 8 0 226 125 91 226 0 12 10 39 211 96 0 0 0 0 29 57 0 0 0 0 0 0 16 17 18 19 20 21 22 23 24 25 26 27 28 29 30 31 32 33 34 35 36 37 38 39 40 41 42 43 44 45 46 47 48 49 50 51 52 53 54 55]
2021/06/23 12:20:27 [154 152 118 252 22 219 134 51 148 138 33 198 8 0 69 0 0 84 8 186 64 0 63 1 18 236 10 0 1 2 20 0 1 2 8 0 226 125 91 226 0 12 10 39 211 96 0 0 0 0 29 57 0 0 0 0 0 0 16 17 18 19 20 21 22 23 24 25 26 27 28 29 30 31 32 33 34 35 36 37 38 39 40 41 42 43 44 45 46 47 48 49 50 51 52 53 54 55]
2021/06/23 12:20:27 [0 0 0 0 0 0 0 0 0 0 0 0 0 0 0 0]
2021/06/23 12:20:27 [95 185 11 173 179 124 88 33 182 217 85 38]
2021/06/23 12:20:27 [1 1 0 0 11 39 211 96 95 185 11 173 179 124 88 33 182 217 85 38 0 0 0 0 0 0 0 0 0 0 0 0 0 0 0 0]
2021/06/23 12:20:27 Encrypted Payload:
2021/06/23 12:20:27 [147 94 184 31 104 86 12 193 130 19 125 148 113 165 12 77 125 162 121 60 246 190 201 254 20 136 71 200 122 104 158 73 198 147 83 154 154 194 119 81 226 72 32 128 112 10 5 182 136 232 76 61 254 204 87 189 165 209 59 32 141 255 87 34 147 44 228 235 105 123 223 186 65 39 218 69 229 90 255 145 173 140 198 25 5 148 3 216 155 7 120 40 142 201 140 137 213 53]
2021/06/23 12:20:27 [175 93 134 76 185 166 158 233 52 199 2 205 109 111 66 114]
2021/06/23 12:20:27 [95 185 11 173 179 124 88 33 182 217 85 38]
2021/06/23 12:20:27 [1 1 0 0 11 39 211 96 95 185 11 173 179 124 88 33 182 217 85 38 0 0 0 0 0 0 0 0 0 0 0 0 0 0 0 0]
2021/06/23 12:20:27 Mondiran Packet:
2021/06/23 12:20:27 PACKET: 168 bytes
- Layer 1 (14 bytes) = Ethernet	{Contents=[..14..] Payload=[..154..] SrcMAC=86:33:94:8a:21:c6 DstMAC=9a:98:76:fc:16:db EthernetType=IPv4 Length=0}
- Layer 2 (20 bytes) = IPv4	{Contents=[..20..] Payload=[..134..] Version=4 IHL=5 TOS=0 Length=154 Id=0 Flags= FragOffset=0 TTL=0 Protocol=VRRP Checksum=0 SrcIP=30.0.0.1 DstIP=30.0.0.2 Options=[] Padding=[]}
- Layer 3 (36 bytes) = Mondrian	{Contents=[..36..] Payload=[..98..] Type=1 ZoneID=1 TimeStamp=2021-06-23 12:20:27 +0000 UTC Nonce=[..12..] MAC=[..16..]}
- Layer 4 (98 bytes) = Payload	98 byte(s)

2021/06/23 12:20:27 Mondrian layer detected
2021/06/23 12:20:27 [KeyMan] GetKey(srcTP=30.0.0.2, destTP=30.0.0.1, zone=1)
2021/06/23 12:20:27 [KeyMan] Key in ingressL1Keys and not expired
2021/06/23 12:20:27 [KeyMan] Deriving L2 Key for zone 1
2021/06/23 12:20:27 30.0.0.1
2021/06/23 12:20:27 30.0.0.2
2021/06/23 12:20:27 1
2021/06/23 12:20:27 [181 144 72 74 156 87 50 134 18 80 147 203 75 214 90 113]
2021/06/23 12:20:27 Encrypted Payload:
2021/06/23 12:20:27 [194 113 113 76 195 104 220 115 9 249 200 191 150 49 72 253 75 150 103 178 160 16 146 109 42 252 200 127 78 86 57 198 243 224 68 138 125 64 197 248 234 190 207 176 208 61 2 219 62 102 94 48 143 12 46 89 174 196 91 44 221 250 171 137 207 86 105 79 126 49 232 103 217 96 179 195 199 21 171 50 127 250 231 5 94 152 30 248 136 173 100 198 191 249 166 51 200 191]
2021/06/23 12:20:27 [158 156 211 97 131 34 234 231 244 157 84 112 43 92 224 0]
2021/06/23 12:20:27 [102 148 210 196 34 172 210 8 160 7 41 57]
2021/06/23 12:20:27 [1 1 0 0 10 39 211 96 102 148 210 196 34 172 210 8 160 7 41 57 158 156 211 97 131 34 234 231 244 157 84 112 43 92 224 0]
2021/06/23 12:20:27 Unencrypted Payload:
2021/06/23 12:20:27 [134 51 148 138 33 198 154 152 118 252 22 219 8 0 69 0 0 84 2 32 0 0 63 1 89 134 20 0 1 2 10 0 1 2 0 0 44 57 91 226 0 8 5 39 211 96 0 0 0 0 210 129 14 0 0 0 0 0 16 17 18 19 20 21 22 23 24 25 26 27 28 29 30 31 32 33 34 35 36 37 38 39 40 41 42 43 44 45 46 47 48 49 50 51 52 53 54 55]
2021/06/23 12:20:27 [158 156 211 97 131 34 234 231 244 157 84 112 43 92 224 0]
2021/06/23 12:20:27 [102 148 210 196 34 172 210 8 160 7 41 57]
2021/06/23 12:20:27 [1 1 0 0 10 39 211 96 102 148 210 196 34 172 210 8 160 7 41 57 158 156 211 97 131 34 234 231 244 157 84 112 43 92 224 0]
2021/06/23 12:20:27 PACKET: 98 bytes
- Layer 1 (14 bytes) = Ethernet	{Contents=[..14..] Payload=[..84..] SrcMAC=9a:98:76:fc:16:db DstMAC=86:33:94:8a:21:c6 EthernetType=IPv4 Length=0}
- Layer 2 (20 bytes) = IPv4	{Contents=[..20..] Payload=[..64..] Version=4 IHL=5 TOS=0 Length=84 Id=544 Flags= FragOffset=0 TTL=63 Protocol=ICMPv4 Checksum=22918 SrcIP=20.0.1.2 DstIP=10.0.1.2 Options=[] Padding=[]}
- Layer 3 (08 bytes) = ICMPv4	{Contents=[..8..] Payload=[..56..] TypeCode=EchoReply Checksum=11321 Id=23522 Seq=8}
- Layer 4 (56 bytes) = Payload	56 byte(s)

2021/06/23 12:20:27 d1-eth1 received packet --> d1-eth0
2021/06/23 12:20:28 PACKET: 168 bytes, wire length 168 cap length 168 @ 2021-06-23 12:20:27.018522 +0000 UTC
- Layer 1 (14 bytes) = Ethernet	{Contents=[..14..] Payload=[..154..] SrcMAC=9a:98:76:fc:16:db DstMAC=86:33:94:8a:21:c6 EthernetType=IPv4 Length=0}
- Layer 2 (20 bytes) = IPv4	{Contents=[..20..] Payload=[..134..] Version=4 IHL=5 TOS=0 Length=154 Id=0 Flags= FragOffset=0 TTL=0 Protocol=VRRP Checksum=0 SrcIP=30.0.0.2 DstIP=30.0.0.1 Options=[] Padding=[]}
- Layer 3 (36 bytes) = Mondrian	{Contents=[..36..] Payload=[..98..] Type=1 ZoneID=1 TimeStamp=2021-06-23 12:20:26 +0000 UTC Nonce=[..12..] MAC=[..16..]}
- Layer 4 (98 bytes) = Payload	98 byte(s)

2021/06/23 12:20:28 Parsing info from Mondrian packet
2021/06/23 12:20:28 IP layer detected
2021/06/23 12:20:28 Mondrian layer detected
2021/06/23 12:20:28 [KeyMan] GetKey(srcTP=30.0.0.2, destTP=30.0.0.1, zone=1)
2021/06/23 12:20:28 d1-eth0 received packet --> d1-eth1
2021/06/23 12:20:28 PACKET: 98 bytes, wire length 98 cap length 98 @ 2021-06-23 12:20:27.02689 +0000 UTC
- Layer 1 (14 bytes) = Ethernet	{Contents=[..14..] Payload=[..84..] SrcMAC=86:33:94:8a:21:c6 DstMAC=9a:98:76:fc:16:db EthernetType=IPv4 Length=0}
- Layer 2 (20 bytes) = IPv4	{Contents=[..20..] Payload=[..64..] Version=4 IHL=5 TOS=0 Length=84 Id=2376 Flags=DF FragOffset=0 TTL=63 Protocol=ICMPv4 Checksum=4702 SrcIP=10.0.1.2 DstIP=20.0.1.2 Options=[] Padding=[]}
- Layer 3 (08 bytes) = ICMPv4	{Contents=[..8..] Payload=[..56..] TypeCode=EchoRequest Checksum=8525 Id=23522 Seq=13}
- Layer 4 (56 bytes) = Payload	56 byte(s)

2021/06/23 12:20:28 [KeyMan] GetKey(srcTP=30.0.0.1, destTP=30.0.0.2, zone=1)
2021/06/23 12:20:28 [KeyMan] Key in egressL1Keys and not expired
2021/06/23 12:20:28 [KeyMan] Deriving L2 Key for zone 1
2021/06/23 12:20:28 [193 116 17 89 76 20 214 30 117 105 15 206 69 49 208 85]
2021/06/23 12:20:28 Unencrypted Payload:
2021/06/23 12:20:28 [154 152 118 252 22 219 134 51 148 138 33 198 8 0 69 0 0 84 9 72 64 0 63 1 18 94 10 0 1 2 20 0 1 2 8 0 33 77 91 226 0 13 11 39 211 96 0 0 0 0 221 104 0 0 0 0 0 0 16 17 18 19 20 21 22 23 24 25 26 27 28 29 30 31 32 33 34 35 36 37 38 39 40 41 42 43 44 45 46 47 48 49 50 51 52 53 54 55]
2021/06/23 12:20:28 [154 152 118 252 22 219 134 51 148 138 33 198 8 0 69 0 0 84 9 72 64 0 63 1 18 94 10 0 1 2 20 0 1 2 8 0 33 77 91 226 0 13 11 39 211 96 0 0 0 0 221 104 0 0 0 0 0 0 16 17 18 19 20 21 22 23 24 25 26 27 28 29 30 31 32 33 34 35 36 37 38 39 40 41 42 43 44 45 46 47 48 49 50 51 52 53 54 55]
2021/06/23 12:20:28 [0 0 0 0 0 0 0 0 0 0 0 0 0 0 0 0]
2021/06/23 12:20:28 [164 26 149 4 104 11 78 124 139 118 58 27]
2021/06/23 12:20:28 [1 1 0 0 12 39 211 96 164 26 149 4 104 11 78 124 139 118 58 27 0 0 0 0 0 0 0 0 0 0 0 0 0 0 0 0]
2021/06/23 12:20:28 Encrypted Payload:
2021/06/23 12:20:28 [53 208 120 243 46 222 90 37 38 1 242 194 55 108 146 80 116 108 165 147 93 73 210 39 24 45 13 180 6 87 129 126 218 132 201 193 37 76 95 170 221 172 244 98 36 212 61 123 203 63 235 174 187 181 231 230 174 136 9 210 39 170 135 20 37 101 253 239 4 61 223 157 174 143 241 130 131 226 119 35 142 107 204 85 73 189 240 69 60 117 212 162 125 6 235 167 0 30]
2021/06/23 12:20:28 [KeyMan] Key in ingressL1Keys and not expired
2021/06/23 12:20:28 [KeyMan] Deriving L2 Key for zone 1
2021/06/23 12:20:28 30.0.0.1
2021/06/23 12:20:28 30.0.0.2
2021/06/23 12:20:28 1
2021/06/23 12:20:28 [181 144 72 74 156 87 50 134 18 80 147 203 75 214 90 113]
2021/06/23 12:20:28 [219 11 191 123 40 240 124 118 8 204 99 240 240 139 255 182]
2021/06/23 12:20:28 [164 26 149 4 104 11 78 124 139 118 58 27]
2021/06/23 12:20:28 [1 1 0 0 12 39 211 96 164 26 149 4 104 11 78 124 139 118 58 27 0 0 0 0 0 0 0 0 0 0 0 0 0 0 0 0]
2021/06/23 12:20:28 Mondiran Packet:
2021/06/23 12:20:28 PACKET: 168 bytes
- Layer 1 (14 bytes) = Ethernet	{Contents=[..14..] Payload=[..154..] SrcMAC=86:33:94:8a:21:c6 DstMAC=9a:98:76:fc:16:db EthernetType=IPv4 Length=0}
- Layer 2 (20 bytes) = IPv4	{Contents=[..20..] Payload=[..134..] Version=4 IHL=5 TOS=0 Length=154 Id=0 Flags= FragOffset=0 TTL=0 Protocol=VRRP Checksum=0 SrcIP=30.0.0.1 DstIP=30.0.0.2 Options=[] Padding=[]}
- Layer 3 (36 bytes) = Mondrian	{Contents=[..36..] Payload=[..98..] Type=1 ZoneID=1 TimeStamp=2021-06-23 12:20:28 +0000 UTC Nonce=[..12..] MAC=[..16..]}
- Layer 4 (98 bytes) = Payload	98 byte(s)

2021/06/23 12:20:28 Encrypted Payload:
2021/06/23 12:20:28 [47 118 19 54 140 228 109 51 251 54 48 79 219 188 115 84 43 98 84 188 167 119 46 137 112 241 70 118 43 201 158 161 22 90 154 124 74 172 161 130 45 78 252 217 241 143 246 7 238 19 212 139 219 36 8 89 4 159 11 119 39 57 123 70 228 136 121 195 138 238 95 142 180 125 242 115 182 202 166 182 136 115 54 171 178 20 253 121 107 196 139 74 111 144 2 25 193 97]
2021/06/23 12:20:28 [79 180 43 253 224 6 248 188 35 3 124 240 117 215 9 254]
2021/06/23 12:20:28 [72 127 105 153 235 157 24 164 71 132 4 93]
2021/06/23 12:20:28 [1 1 0 0 10 39 211 96 72 127 105 153 235 157 24 164 71 132 4 93 79 180 43 253 224 6 248 188 35 3 124 240 117 215 9 254]
2021/06/23 12:20:28 Unencrypted Payload:
2021/06/23 12:20:28 [134 51 148 138 33 198 154 152 118 252 22 219 8 0 69 0 0 84 2 82 0 0 63 1 89 84 20 0 1 2 10 0 1 2 0 0 190 190 91 226 0 9 6 39 211 96 0 0 0 0 62 251 14 0 0 0 0 0 16 17 18 19 20 21 22 23 24 25 26 27 28 29 30 31 32 33 34 35 36 37 38 39 40 41 42 43 44 45 46 47 48 49 50 51 52 53 54 55]
2021/06/23 12:20:28 [79 180 43 253 224 6 248 188 35 3 124 240 117 215 9 254]
2021/06/23 12:20:28 [72 127 105 153 235 157 24 164 71 132 4 93]
2021/06/23 12:20:28 [1 1 0 0 10 39 211 96 72 127 105 153 235 157 24 164 71 132 4 93 79 180 43 253 224 6 248 188 35 3 124 240 117 215 9 254]
2021/06/23 12:20:28 PACKET: 98 bytes
- Layer 1 (14 bytes) = Ethernet	{Contents=[..14..] Payload=[..84..] SrcMAC=9a:98:76:fc:16:db DstMAC=86:33:94:8a:21:c6 EthernetType=IPv4 Length=0}
- Layer 2 (20 bytes) = IPv4	{Contents=[..20..] Payload=[..64..] Version=4 IHL=5 TOS=0 Length=84 Id=594 Flags= FragOffset=0 TTL=63 Protocol=ICMPv4 Checksum=22868 SrcIP=20.0.1.2 DstIP=10.0.1.2 Options=[] Padding=[]}
- Layer 3 (08 bytes) = ICMPv4	{Contents=[..8..] Payload=[..56..] TypeCode=EchoReply Checksum=48830 Id=23522 Seq=9}
- Layer 4 (56 bytes) = Payload	56 byte(s)

2021/06/23 12:20:28 d1-eth1 received packet --> d1-eth0
2021/06/23 12:20:28 PACKET: 42 bytes, wire length 42 cap length 42 @ 2021-06-23 12:20:27.077306 +0000 UTC
- Layer 1 (14 bytes) = Ethernet	{Contents=[..14..] Payload=[..28..] SrcMAC=9a:98:76:fc:16:db DstMAC=86:33:94:8a:21:c6 EthernetType=ARP Length=0}
- Layer 2 (28 bytes) = ARP	{Contents=[..28..] Payload=[] AddrType=Ethernet Protocol=IPv4 HwAddressSize=6 ProtAddressSize=4 Operation=1 SourceHwAddress=[..6..] SourceProtAddress=[30, 0, 0, 2] DstHwAddress=[..6..] DstProtAddress=[30, 0, 0, 1]}

2021/06/23 12:20:28 Parsing info from Mondrian packet
2021/06/23 12:20:28 No IPv4 Layer decoded
2021/06/23 12:20:28 d1-eth1 received packet --> d1-eth0
2021/06/23 12:20:28 PACKET: 168 bytes, wire length 168 cap length 168 @ 2021-06-23 12:20:27.359068 +0000 UTC
- Layer 1 (14 bytes) = Ethernet	{Contents=[..14..] Payload=[..154..] SrcMAC=9a:98:76:fc:16:db DstMAC=86:33:94:8a:21:c6 EthernetType=IPv4 Length=0}
- Layer 2 (20 bytes) = IPv4	{Contents=[..20..] Payload=[..134..] Version=4 IHL=5 TOS=0 Length=154 Id=0 Flags= FragOffset=0 TTL=0 Protocol=VRRP Checksum=0 SrcIP=30.0.0.2 DstIP=30.0.0.1 Options=[] Padding=[]}
- Layer 3 (36 bytes) = Mondrian	{Contents=[..36..] Payload=[..98..] Type=1 ZoneID=1 TimeStamp=2021-06-23 12:20:27 +0000 UTC Nonce=[..12..] MAC=[..16..]}
- Layer 4 (98 bytes) = Payload	98 byte(s)

2021/06/23 12:20:28 Parsing info from Mondrian packet
2021/06/23 12:20:28 IP layer detected
2021/06/23 12:20:28 Mondrian layer detected
2021/06/23 12:20:28 [KeyMan] GetKey(srcTP=30.0.0.2, destTP=30.0.0.1, zone=1)
2021/06/23 12:20:28 [KeyMan] Key in ingressL1Keys and not expired
2021/06/23 12:20:28 [KeyMan] Deriving L2 Key for zone 1
2021/06/23 12:20:28 30.0.0.1
2021/06/23 12:20:28 30.0.0.2
2021/06/23 12:20:28 1
2021/06/23 12:20:28 [181 144 72 74 156 87 50 134 18 80 147 203 75 214 90 113]
2021/06/23 12:20:28 Encrypted Payload:
2021/06/23 12:20:28 [249 167 121 127 12 211 109 153 174 103 139 9 178 211 245 12 217 250 69 182 126 149 118 209 15 130 73 189 40 39 184 168 122 101 35 35 134 33 131 29 136 20 173 196 194 68 46 239 80 214 87 78 125 49 7 94 243 116 46 114 15 19 127 251 154 22 193 200 73 123 127 55 46 128 164 207 225 128 150 210 68 146 216 172 45 95 27 238 135 71 78 225 239 187 107 252 119 242]
2021/06/23 12:20:28 [55 175 175 165 160 5 78 163 134 80 43 244 102 172 235 52]
2021/06/23 12:20:28 [135 243 198 124 242 39 70 233 149 175 90 37]
2021/06/23 12:20:28 [1 1 0 0 11 39 211 96 135 243 198 124 242 39 70 233 149 175 90 37 55 175 175 165 160 5 78 163 134 80 43 244 102 172 235 52]
2021/06/23 12:20:28 Unencrypted Payload:
2021/06/23 12:20:28 [134 51 148 138 33 198 154 152 118 252 22 219 8 0 69 0 0 84 2 211 0 0 63 1 88 211 20 0 1 2 10 0 1 2 0 0 165 174 91 226 0 10 8 39 211 96 0 0 0 0 100 10 0 0 0 0 0 0 16 17 18 19 20 21 22 23 24 25 26 27 28 29 30 31 32 33 34 35 36 37 38 39 40 41 42 43 44 45 46 47 48 49 50 51 52 53 54 55]
2021/06/23 12:20:28 [55 175 175 165 160 5 78 163 134 80 43 244 102 172 235 52]
2021/06/23 12:20:28 [135 243 198 124 242 39 70 233 149 175 90 37]
2021/06/23 12:20:28 [1 1 0 0 11 39 211 96 135 243 198 124 242 39 70 233 149 175 90 37 55 175 175 165 160 5 78 163 134 80 43 244 102 172 235 52]
2021/06/23 12:20:28 PACKET: 98 bytes
- Layer 1 (14 bytes) = Ethernet	{Contents=[..14..] Payload=[..84..] SrcMAC=9a:98:76:fc:16:db DstMAC=86:33:94:8a:21:c6 EthernetType=IPv4 Length=0}
- Layer 2 (20 bytes) = IPv4	{Contents=[..20..] Payload=[..64..] Version=4 IHL=5 TOS=0 Length=84 Id=723 Flags= FragOffset=0 TTL=63 Protocol=ICMPv4 Checksum=22739 SrcIP=20.0.1.2 DstIP=10.0.1.2 Options=[] Padding=[]}
- Layer 3 (08 bytes) = ICMPv4	{Contents=[..8..] Payload=[..56..] TypeCode=EchoReply Checksum=42414 Id=23522 Seq=10}
- Layer 4 (56 bytes) = Payload	56 byte(s)

2021/06/23 12:20:29 d1-eth0 received packet --> d1-eth1
2021/06/23 12:20:29 PACKET: 98 bytes, wire length 98 cap length 98 @ 2021-06-23 12:20:28.029168 +0000 UTC
- Layer 1 (14 bytes) = Ethernet	{Contents=[..14..] Payload=[..84..] SrcMAC=86:33:94:8a:21:c6 DstMAC=9a:98:76:fc:16:db EthernetType=IPv4 Length=0}
- Layer 2 (20 bytes) = IPv4	{Contents=[..20..] Payload=[..64..] Version=4 IHL=5 TOS=0 Length=84 Id=2425 Flags=DF FragOffset=0 TTL=63 Protocol=ICMPv4 Checksum=4653 SrcIP=10.0.1.2 DstIP=20.0.1.2 Options=[] Padding=[]}
- Layer 3 (08 bytes) = ICMPv4	{Contents=[..8..] Payload=[..56..] TypeCode=EchoRequest Checksum=12099 Id=23522 Seq=14}
- Layer 4 (56 bytes) = Payload	56 byte(s)

2021/06/23 12:20:29 [KeyMan] GetKey(srcTP=30.0.0.1, destTP=30.0.0.2, zone=1)
2021/06/23 12:20:29 [KeyMan] Key in egressL1Keys and not expired
2021/06/23 12:20:29 [KeyMan] Deriving L2 Key for zone 1
2021/06/23 12:20:29 [193 116 17 89 76 20 214 30 117 105 15 206 69 49 208 85]
2021/06/23 12:20:29 Unencrypted Payload:
2021/06/23 12:20:29 [154 152 118 252 22 219 134 51 148 138 33 198 8 0 69 0 0 84 9 121 64 0 63 1 18 45 10 0 1 2 20 0 1 2 8 0 47 67 91 226 0 14 12 39 211 96 0 0 0 0 206 113 0 0 0 0 0 0 16 17 18 19 20 21 22 23 24 25 26 27 28 29 30 31 32 33 34 35 36 37 38 39 40 41 42 43 44 45 46 47 48 49 50 51 52 53 54 55]
2021/06/23 12:20:29 [154 152 118 252 22 219 134 51 148 138 33 198 8 0 69 0 0 84 9 121 64 0 63 1 18 45 10 0 1 2 20 0 1 2 8 0 47 67 91 226 0 14 12 39 211 96 0 0 0 0 206 113 0 0 0 0 0 0 16 17 18 19 20 21 22 23 24 25 26 27 28 29 30 31 32 33 34 35 36 37 38 39 40 41 42 43 44 45 46 47 48 49 50 51 52 53 54 55]
2021/06/23 12:20:29 [0 0 0 0 0 0 0 0 0 0 0 0 0 0 0 0]
2021/06/23 12:20:29 [29 73 212 149 92 132 134 33 99 37 37 63]
2021/06/23 12:20:29 [1 1 0 0 13 39 211 96 29 73 212 149 92 132 134 33 99 37 37 63 0 0 0 0 0 0 0 0 0 0 0 0 0 0 0 0]
2021/06/23 12:20:29 Encrypted Payload:
2021/06/23 12:20:29 [3 121 179 169 137 160 73 102 83 182 14 185 118 3 80 115 183 218 78 136 248 128 142 250 116 76 11 57 170 12 167 8 168 95 183 26 35 146 195 71 55 31 206 117 151 50 94 229 97 34 1 196 252 55 19 243 176 145 43 224 243 25 4 80 56 249 118 223 185 15 149 130 56 245 98 180 80 253 3 71 184 224 255 222 106 196 197 129 82 112 15 131 122 142 196 194 106 180]
2021/06/23 12:20:29 [170 130 100 236 87 10 72 107 252 204 53 0 217 51 44 58]
2021/06/23 12:20:29 [29 73 212 149 92 132 134 33 99 37 37 63]
2021/06/23 12:20:29 [1 1 0 0 13 39 211 96 29 73 212 149 92 132 134 33 99 37 37 63 0 0 0 0 0 0 0 0 0 0 0 0 0 0 0 0]
2021/06/23 12:20:29 d1-eth1 received packet --> d1-eth0
2021/06/23 12:20:29 PACKET: 42 bytes, wire length 42 cap length 42 @ 2021-06-23 12:20:28.250089 +0000 UTC
- Layer 1 (14 bytes) = Ethernet	{Contents=[..14..] Payload=[..28..] SrcMAC=9a:98:76:fc:16:db DstMAC=86:33:94:8a:21:c6 EthernetType=ARP Length=0}
- Layer 2 (28 bytes) = ARP	{Contents=[..28..] Payload=[] AddrType=Ethernet Protocol=IPv4 HwAddressSize=6 ProtAddressSize=4 Operation=1 SourceHwAddress=[..6..] SourceProtAddress=[30, 0, 0, 2] DstHwAddress=[..6..] DstProtAddress=[30, 0, 0, 1]}

2021/06/23 12:20:29 Parsing info from Mondrian packet
2021/06/23 12:20:29 No IPv4 Layer decoded
2021/06/23 12:20:29 Mondiran Packet:
2021/06/23 12:20:29 PACKET: 168 bytes
- Layer 1 (14 bytes) = Ethernet	{Contents=[..14..] Payload=[..154..] SrcMAC=86:33:94:8a:21:c6 DstMAC=9a:98:76:fc:16:db EthernetType=IPv4 Length=0}
- Layer 2 (20 bytes) = IPv4	{Contents=[..20..] Payload=[..134..] Version=4 IHL=5 TOS=0 Length=154 Id=0 Flags= FragOffset=0 TTL=0 Protocol=VRRP Checksum=0 SrcIP=30.0.0.1 DstIP=30.0.0.2 Options=[] Padding=[]}
- Layer 3 (36 bytes) = Mondrian	{Contents=[..36..] Payload=[..98..] Type=1 ZoneID=1 TimeStamp=2021-06-23 12:20:29 +0000 UTC Nonce=[..12..] MAC=[..16..]}
- Layer 4 (98 bytes) = Payload	98 byte(s)

2021/06/23 12:20:29 d1-eth0 received packet --> d1-eth1
2021/06/23 12:20:29 PACKET: 42 bytes, wire length 42 cap length 42 @ 2021-06-23 12:20:28.617021 +0000 UTC
- Layer 1 (14 bytes) = Ethernet	{Contents=[..14..] Payload=[..28..] SrcMAC=86:33:94:8a:21:c6 DstMAC=9a:98:76:fc:16:db EthernetType=ARP Length=0}
- Layer 2 (28 bytes) = ARP	{Contents=[..28..] Payload=[] AddrType=Ethernet Protocol=IPv4 HwAddressSize=6 ProtAddressSize=4 Operation=2 SourceHwAddress=[..6..] SourceProtAddress=[30, 0, 0, 1] DstHwAddress=[..6..] DstProtAddress=[30, 0, 0, 2]}

2021/06/23 12:20:29 No IPv4 Layer decoded
2021/06/23 12:20:30 d1-eth0 received packet --> d1-eth1
2021/06/23 12:20:30 PACKET: 98 bytes, wire length 98 cap length 98 @ 2021-06-23 12:20:29.033502 +0000 UTC
- Layer 1 (14 bytes) = Ethernet	{Contents=[..14..] Payload=[..84..] SrcMAC=86:33:94:8a:21:c6 DstMAC=9a:98:76:fc:16:db EthernetType=IPv4 Length=0}
- Layer 2 (20 bytes) = IPv4	{Contents=[..20..] Payload=[..64..] Version=4 IHL=5 TOS=0 Length=84 Id=2524 Flags=DF FragOffset=0 TTL=63 Protocol=ICMPv4 Checksum=4554 SrcIP=10.0.1.2 DstIP=20.0.1.2 Options=[] Padding=[]}
- Layer 3 (08 bytes) = ICMPv4	{Contents=[..8..] Payload=[..56..] TypeCode=EchoRequest Checksum=16689 Id=23522 Seq=15}
- Layer 4 (56 bytes) = Payload	56 byte(s)

2021/06/23 12:20:30 [KeyMan] GetKey(srcTP=30.0.0.1, destTP=30.0.0.2, zone=1)
2021/06/23 12:20:30 [KeyMan] Key in egressL1Keys and not expired
2021/06/23 12:20:30 [KeyMan] Deriving L2 Key for zone 1
2021/06/23 12:20:30 [193 116 17 89 76 20 214 30 117 105 15 206 69 49 208 85]
2021/06/23 12:20:30 Unencrypted Payload:
2021/06/23 12:20:30 [154 152 118 252 22 219 134 51 148 138 33 198 8 0 69 0 0 84 9 220 64 0 63 1 17 202 10 0 1 2 20 0 1 2 8 0 65 49 91 226 0 15 13 39 211 96 0 0 0 0 187 130 0 0 0 0 0 0 16 17 18 19 20 21 22 23 24 25 26 27 28 29 30 31 32 33 34 35 36 37 38 39 40 41 42 43 44 45 46 47 48 49 50 51 52 53 54 55]
2021/06/23 12:20:30 [154 152 118 252 22 219 134 51 148 138 33 198 8 0 69 0 0 84 9 220 64 0 63 1 17 202 10 0 1 2 20 0 1 2 8 0 65 49 91 226 0 15 13 39 211 96 0 0 0 0 187 130 0 0 0 0 0 0 16 17 18 19 20 21 22 23 24 25 26 27 28 29 30 31 32 33 34 35 36 37 38 39 40 41 42 43 44 45 46 47 48 49 50 51 52 53 54 55]
2021/06/23 12:20:30 [0 0 0 0 0 0 0 0 0 0 0 0 0 0 0 0]
2021/06/23 12:20:30 [236 115 141 215 169 226 139 249 33 17 156 22]
2021/06/23 12:20:30 [1 1 0 0 14 39 211 96 236 115 141 215 169 226 139 249 33 17 156 22 0 0 0 0 0 0 0 0 0 0 0 0 0 0 0 0]
2021/06/23 12:20:30 Encrypted Payload:
2021/06/23 12:20:30 [51 166 241 172 26 68 167 148 124 160 182 88 183 39 22 69 146 145 56 229 202 209 63 115 176 70 164 97 25 56 62 221 32 120 165 255 191 58 204 10 70 210 106 159 230 136 223 29 174 77 3 179 5 85 140 60 171 176 231 38 51 140 242 181 114 205 197 163 144 247 153 30 207 31 65 94 189 188 79 160 248 94 83 11 111 142 89 78 35 62 232 120 172 223 187 157 245 213]
2021/06/23 12:20:30 [84 106 53 125 109 245 185 80 213 218 25 231 120 9 156 206]
2021/06/23 12:20:30 [236 115 141 215 169 226 139 249 33 17 156 22]
2021/06/23 12:20:30 [1 1 0 0 14 39 211 96 236 115 141 215 169 226 139 249 33 17 156 22 0 0 0 0 0 0 0 0 0 0 0 0 0 0 0 0]
2021/06/23 12:20:30 Mondiran Packet:
2021/06/23 12:20:30 PACKET: 168 bytes
- Layer 1 (14 bytes) = Ethernet	{Contents=[..14..] Payload=[..154..] SrcMAC=86:33:94:8a:21:c6 DstMAC=9a:98:76:fc:16:db EthernetType=IPv4 Length=0}
- Layer 2 (20 bytes) = IPv4	{Contents=[..20..] Payload=[..134..] Version=4 IHL=5 TOS=0 Length=154 Id=0 Flags= FragOffset=0 TTL=0 Protocol=VRRP Checksum=0 SrcIP=30.0.0.1 DstIP=30.0.0.2 Options=[] Padding=[]}
- Layer 3 (36 bytes) = Mondrian	{Contents=[..36..] Payload=[..98..] Type=1 ZoneID=1 TimeStamp=2021-06-23 12:20:30 +0000 UTC Nonce=[..12..] MAC=[..16..]}
- Layer 4 (98 bytes) = Payload	98 byte(s)

2021/06/23 12:20:30 d1-eth0 received packet --> d1-eth1
2021/06/23 12:20:30 PACKET: 42 bytes, wire length 42 cap length 42 @ 2021-06-23 12:20:29.13137 +0000 UTC
- Layer 1 (14 bytes) = Ethernet	{Contents=[..14..] Payload=[..28..] SrcMAC=86:33:94:8a:21:c6 DstMAC=9a:98:76:fc:16:db EthernetType=ARP Length=0}
- Layer 2 (28 bytes) = ARP	{Contents=[..28..] Payload=[] AddrType=Ethernet Protocol=IPv4 HwAddressSize=6 ProtAddressSize=4 Operation=2 SourceHwAddress=[..6..] SourceProtAddress=[30, 0, 0, 1] DstHwAddress=[..6..] DstProtAddress=[30, 0, 0, 2]}

2021/06/23 12:20:30 No IPv4 Layer decoded
2021/06/23 12:20:30 d1-eth1 received packet --> d1-eth0
2021/06/23 12:20:30 PACKET: 168 bytes, wire length 168 cap length 168 @ 2021-06-23 12:20:29.822329 +0000 UTC
- Layer 1 (14 bytes) = Ethernet	{Contents=[..14..] Payload=[..154..] SrcMAC=9a:98:76:fc:16:db DstMAC=86:33:94:8a:21:c6 EthernetType=IPv4 Length=0}
- Layer 2 (20 bytes) = IPv4	{Contents=[..20..] Payload=[..134..] Version=4 IHL=5 TOS=0 Length=154 Id=0 Flags= FragOffset=0 TTL=0 Protocol=VRRP Checksum=0 SrcIP=30.0.0.2 DstIP=30.0.0.1 Options=[] Padding=[]}
- Layer 3 (36 bytes) = Mondrian	{Contents=[..36..] Payload=[..98..] Type=1 ZoneID=1 TimeStamp=2021-06-23 12:20:29 +0000 UTC Nonce=[..12..] MAC=[..16..]}
- Layer 4 (98 bytes) = Payload	98 byte(s)

2021/06/23 12:20:30 Parsing info from Mondrian packet
2021/06/23 12:20:30 IP layer detected
2021/06/23 12:20:30 Mondrian layer detected
2021/06/23 12:20:30 [KeyMan] GetKey(srcTP=30.0.0.2, destTP=30.0.0.1, zone=1)
2021/06/23 12:20:30 [KeyMan] Key in ingressL1Keys and not expired
2021/06/23 12:20:30 [KeyMan] Deriving L2 Key for zone 1
2021/06/23 12:20:30 30.0.0.1
2021/06/23 12:20:30 30.0.0.2
2021/06/23 12:20:30 1
2021/06/23 12:20:30 [181 144 72 74 156 87 50 134 18 80 147 203 75 214 90 113]
2021/06/23 12:20:30 Encrypted Payload:
2021/06/23 12:20:30 [23 103 200 229 66 147 87 44 209 65 49 246 177 80 126 69 120 6 81 133 33 211 56 79 144 22 254 114 77 42 197 144 225 183 63 141 7 77 137 90 80 110 30 36 184 37 151 160 55 41 96 249 122 212 122 37 255 74 119 231 134 209 131 164 186 235 145 12 34 33 12 239 74 226 145 99 217 213 31 140 245 147 138 216 119 28 106 165 249 147 37 129 28 227 164 36 220 110]
2021/06/23 12:20:30 [121 241 209 121 80 193 190 56 93 51 160 247 195 82 166 45]
2021/06/23 12:20:30 [54 121 81 186 162 255 108 212 113 196 131 241]
2021/06/23 12:20:30 [1 1 0 0 13 39 211 96 54 121 81 186 162 255 108 212 113 196 131 241 121 241 209 121 80 193 190 56 93 51 160 247 195 82 166 45]
2021/06/23 12:20:30 Unencrypted Payload:
2021/06/23 12:20:30 [134 51 148 138 33 198 154 152 118 252 22 219 8 0 69 0 0 84 3 80 0 0 63 1 88 86 20 0 1 2 10 0 1 2 0 0 220 133 91 226 0 11 9 39 211 96 0 0 0 0 44 50 0 0 0 0 0 0 16 17 18 19 20 21 22 23 24 25 26 27 28 29 30 31 32 33 34 35 36 37 38 39 40 41 42 43 44 45 46 47 48 49 50 51 52 53 54 55]
2021/06/23 12:20:30 [121 241 209 121 80 193 190 56 93 51 160 247 195 82 166 45]
2021/06/23 12:20:30 [54 121 81 186 162 255 108 212 113 196 131 241]
2021/06/23 12:20:30 [1 1 0 0 13 39 211 96 54 121 81 186 162 255 108 212 113 196 131 241 121 241 209 121 80 193 190 56 93 51 160 247 195 82 166 45]
2021/06/23 12:20:30 PACKET: 98 bytes
- Layer 1 (14 bytes) = Ethernet	{Contents=[..14..] Payload=[..84..] SrcMAC=9a:98:76:fc:16:db DstMAC=86:33:94:8a:21:c6 EthernetType=IPv4 Length=0}
- Layer 2 (20 bytes) = IPv4	{Contents=[..20..] Payload=[..64..] Version=4 IHL=5 TOS=0 Length=84 Id=848 Flags= FragOffset=0 TTL=63 Protocol=ICMPv4 Checksum=22614 SrcIP=20.0.1.2 DstIP=10.0.1.2 Options=[] Padding=[]}
- Layer 3 (08 bytes) = ICMPv4	{Contents=[..8..] Payload=[..56..] TypeCode=EchoReply Checksum=56453 Id=23522 Seq=11}
- Layer 4 (56 bytes) = Payload	56 byte(s)

2021/06/23 12:20:31 d1-eth0 received packet --> d1-eth1
2021/06/23 12:20:31 PACKET: 98 bytes, wire length 98 cap length 98 @ 2021-06-23 12:20:30.049571 +0000 UTC
- Layer 1 (14 bytes) = Ethernet	{Contents=[..14..] Payload=[..84..] SrcMAC=86:33:94:8a:21:c6 DstMAC=9a:98:76:fc:16:db EthernetType=IPv4 Length=0}
- Layer 2 (20 bytes) = IPv4	{Contents=[..20..] Payload=[..64..] Version=4 IHL=5 TOS=0 Length=84 Id=2542 Flags=DF FragOffset=0 TTL=63 Protocol=ICMPv4 Checksum=4536 SrcIP=10.0.1.2 DstIP=20.0.1.2 Options=[] Padding=[]}
- Layer 3 (08 bytes) = ICMPv4	{Contents=[..8..] Payload=[..56..] TypeCode=EchoRequest Checksum=30193 Id=23522 Seq=16}
- Layer 4 (56 bytes) = Payload	56 byte(s)

2021/06/23 12:20:31 [KeyMan] GetKey(srcTP=30.0.0.1, destTP=30.0.0.2, zone=1)
2021/06/23 12:20:31 [KeyMan] Key in egressL1Keys and not expired
2021/06/23 12:20:31 [KeyMan] Deriving L2 Key for zone 1
2021/06/23 12:20:31 [193 116 17 89 76 20 214 30 117 105 15 206 69 49 208 85]
2021/06/23 12:20:31 Unencrypted Payload:
2021/06/23 12:20:31 [154 152 118 252 22 219 134 51 148 138 33 198 8 0 69 0 0 84 9 238 64 0 63 1 17 184 10 0 1 2 20 0 1 2 8 0 117 241 91 226 0 16 14 39 211 96 0 0 0 0 133 193 0 0 0 0 0 0 16 17 18 19 20 21 22 23 24 25 26 27 28 29 30 31 32 33 34 35 36 37 38 39 40 41 42 43 44 45 46 47 48 49 50 51 52 53 54 55]
2021/06/23 12:20:31 [154 152 118 252 22 219 134 51 148 138 33 198 8 0 69 0 0 84 9 238 64 0 63 1 17 184 10 0 1 2 20 0 1 2 8 0 117 241 91 226 0 16 14 39 211 96 0 0 0 0 133 193 0 0 0 0 0 0 16 17 18 19 20 21 22 23 24 25 26 27 28 29 30 31 32 33 34 35 36 37 38 39 40 41 42 43 44 45 46 47 48 49 50 51 52 53 54 55]
2021/06/23 12:20:31 [0 0 0 0 0 0 0 0 0 0 0 0 0 0 0 0]
2021/06/23 12:20:31 [15 7 2 68 134 21 187 218 8 49 63 106]
2021/06/23 12:20:31 [1 1 0 0 15 39 211 96 15 7 2 68 134 21 187 218 8 49 63 106 0 0 0 0 0 0 0 0 0 0 0 0 0 0 0 0]
2021/06/23 12:20:31 d1-eth1 received packet --> d1-eth0
2021/06/23 12:20:31 PACKET: 42 bytes, wire length 42 cap length 42 @ 2021-06-23 12:20:30.048637 +0000 UTC
- Layer 1 (14 bytes) = Ethernet	{Contents=[..14..] Payload=[..28..] SrcMAC=9a:98:76:fc:16:db DstMAC=86:33:94:8a:21:c6 EthernetType=ARP Length=0}
- Layer 2 (28 bytes) = ARP	{Contents=[..28..] Payload=[] AddrType=Ethernet Protocol=IPv4 HwAddressSize=6 ProtAddressSize=4 Operation=1 SourceHwAddress=[..6..] SourceProtAddress=[30, 0, 0, 2] DstHwAddress=[..6..] DstProtAddress=[30, 0, 0, 1]}

2021/06/23 12:20:31 Parsing info from Mondrian packet
2021/06/23 12:20:31 No IPv4 Layer decoded
2021/06/23 12:20:31 Encrypted Payload:
2021/06/23 12:20:31 [20 138 198 86 93 138 22 145 9 220 246 204 181 84 204 162 14 166 186 123 146 126 182 61 192 27 99 26 199 63 214 242 233 152 180 136 41 93 51 22 216 10 198 229 54 12 237 231 239 178 70 193 116 68 106 69 102 64 146 14 3 52 184 115 83 68 37 253 43 118 71 243 35 214 67 55 181 159 108 99 235 120 140 190 189 189 42 31 244 115 209 160 163 189 46 166 132 243]
2021/06/23 12:20:31 [76 93 255 137 78 246 71 31 88 236 84 60 239 214 179 223]
2021/06/23 12:20:31 [15 7 2 68 134 21 187 218 8 49 63 106]
2021/06/23 12:20:31 [1 1 0 0 15 39 211 96 15 7 2 68 134 21 187 218 8 49 63 106 0 0 0 0 0 0 0 0 0 0 0 0 0 0 0 0]
2021/06/23 12:20:31 Mondiran Packet:
2021/06/23 12:20:31 PACKET: 168 bytes
- Layer 1 (14 bytes) = Ethernet	{Contents=[..14..] Payload=[..154..] SrcMAC=86:33:94:8a:21:c6 DstMAC=9a:98:76:fc:16:db EthernetType=IPv4 Length=0}
- Layer 2 (20 bytes) = IPv4	{Contents=[..20..] Payload=[..134..] Version=4 IHL=5 TOS=0 Length=154 Id=0 Flags= FragOffset=0 TTL=0 Protocol=VRRP Checksum=0 SrcIP=30.0.0.1 DstIP=30.0.0.2 Options=[] Padding=[]}
- Layer 3 (36 bytes) = Mondrian	{Contents=[..36..] Payload=[..98..] Type=1 ZoneID=1 TimeStamp=2021-06-23 12:20:31 +0000 UTC Nonce=[..12..] MAC=[..16..]}
- Layer 4 (98 bytes) = Payload	98 byte(s)

2021/06/23 12:20:32 d1-eth0 received packet --> d1-eth1
2021/06/23 12:20:32 PACKET: 42 bytes, wire length 42 cap length 42 @ 2021-06-23 12:20:31.239917 +0000 UTC
- Layer 1 (14 bytes) = Ethernet	{Contents=[..14..] Payload=[..28..] SrcMAC=86:33:94:8a:21:c6 DstMAC=9a:98:76:fc:16:db EthernetType=ARP Length=0}
- Layer 2 (28 bytes) = ARP	{Contents=[..28..] Payload=[] AddrType=Ethernet Protocol=IPv4 HwAddressSize=6 ProtAddressSize=4 Operation=2 SourceHwAddress=[..6..] SourceProtAddress=[30, 0, 0, 1] DstHwAddress=[..6..] DstProtAddress=[30, 0, 0, 2]}

2021/06/23 12:20:32 No IPv4 Layer decoded
2021/06/23 12:20:32 d1-eth1 received packet --> d1-eth0
2021/06/23 12:20:32 PACKET: 168 bytes, wire length 168 cap length 168 @ 2021-06-23 12:20:31.161907 +0000 UTC
- Layer 1 (14 bytes) = Ethernet	{Contents=[..14..] Payload=[..154..] SrcMAC=9a:98:76:fc:16:db DstMAC=86:33:94:8a:21:c6 EthernetType=IPv4 Length=0}
- Layer 2 (20 bytes) = IPv4	{Contents=[..20..] Payload=[..134..] Version=4 IHL=5 TOS=0 Length=154 Id=0 Flags= FragOffset=0 TTL=0 Protocol=VRRP Checksum=0 SrcIP=30.0.0.2 DstIP=30.0.0.1 Options=[] Padding=[]}
- Layer 3 (36 bytes) = Mondrian	{Contents=[..36..] Payload=[..98..] Type=1 ZoneID=1 TimeStamp=2021-06-23 12:20:30 +0000 UTC Nonce=[..12..] MAC=[..16..]}
- Layer 4 (98 bytes) = Payload	98 byte(s)

2021/06/23 12:20:32 Parsing info from Mondrian packet
2021/06/23 12:20:32 IP layer detected
2021/06/23 12:20:32 Mondrian layer detected
2021/06/23 12:20:32 [KeyMan] GetKey(srcTP=30.0.0.2, destTP=30.0.0.1, zone=1)
2021/06/23 12:20:32 [KeyMan] Key in ingressL1Keys and not expired
2021/06/23 12:20:32 [KeyMan] Deriving L2 Key for zone 1
2021/06/23 12:20:32 30.0.0.1
2021/06/23 12:20:32 30.0.0.2
2021/06/23 12:20:32 1
2021/06/23 12:20:32 [181 144 72 74 156 87 50 134 18 80 147 203 75 214 90 113]
2021/06/23 12:20:32 Encrypted Payload:
2021/06/23 12:20:32 [49 0 106 231 210 91 220 242 175 157 163 39 57 221 0 113 183 51 10 81 237 75 58 52 239 172 236 65 255 108 186 195 205 234 29 121 47 225 94 249 110 39 226 25 186 254 243 254 150 242 7 60 241 26 205 184 94 231 116 49 122 52 127 81 192 72 232 175 113 117 135 112 141 77 5 179 20 41 168 114 12 131 39 106 30 98 98 5 112 110 124 206 59 5 203 29 184 134]
2021/06/23 12:20:32 [77 115 198 134 135 123 87 133 181 47 101 67 40 9 50 162]
2021/06/23 12:20:32 [95 185 11 173 179 124 88 33 182 217 85 38]
2021/06/23 12:20:32 [1 1 0 0 14 39 211 96 95 185 11 173 179 124 88 33 182 217 85 38 77 115 198 134 135 123 87 133 181 47 101 67 40 9 50 162]
2021/06/23 12:20:32 Unencrypted Payload:
2021/06/23 12:20:32 [134 51 148 138 33 198 154 152 118 252 22 219 8 0 69 0 0 84 3 156 0 0 63 1 88 10 20 0 1 2 10 0 1 2 0 0 234 125 91 226 0 12 10 39 211 96 0 0 0 0 29 57 0 0 0 0 0 0 16 17 18 19 20 21 22 23 24 25 26 27 28 29 30 31 32 33 34 35 36 37 38 39 40 41 42 43 44 45 46 47 48 49 50 51 52 53 54 55]
2021/06/23 12:20:32 [77 115 198 134 135 123 87 133 181 47 101 67 40 9 50 162]
2021/06/23 12:20:32 [95 185 11 173 179 124 88 33 182 217 85 38]
2021/06/23 12:20:32 [1 1 0 0 14 39 211 96 95 185 11 173 179 124 88 33 182 217 85 38 77 115 198 134 135 123 87 133 181 47 101 67 40 9 50 162]
2021/06/23 12:20:32 PACKET: 98 bytes
- Layer 1 (14 bytes) = Ethernet	{Contents=[..14..] Payload=[..84..] SrcMAC=9a:98:76:fc:16:db DstMAC=86:33:94:8a:21:c6 EthernetType=IPv4 Length=0}
- Layer 2 (20 bytes) = IPv4	{Contents=[..20..] Payload=[..64..] Version=4 IHL=5 TOS=0 Length=84 Id=924 Flags= FragOffset=0 TTL=63 Protocol=ICMPv4 Checksum=22538 SrcIP=20.0.1.2 DstIP=10.0.1.2 Options=[] Padding=[]}
- Layer 3 (08 bytes) = ICMPv4	{Contents=[..8..] Payload=[..56..] TypeCode=EchoReply Checksum=60029 Id=23522 Seq=12}
- Layer 4 (56 bytes) = Payload	56 byte(s)

2021/06/23 12:20:32 d1-eth1 received packet --> d1-eth0
2021/06/23 12:20:32 PACKET: 42 bytes, wire length 42 cap length 42 @ 2021-06-23 12:20:31.19336 +0000 UTC
- Layer 1 (14 bytes) = Ethernet	{Contents=[..14..] Payload=[..28..] SrcMAC=9a:98:76:fc:16:db DstMAC=ff:ff:ff:ff:ff:ff EthernetType=ARP Length=0}
- Layer 2 (28 bytes) = ARP	{Contents=[..28..] Payload=[] AddrType=Ethernet Protocol=IPv4 HwAddressSize=6 ProtAddressSize=4 Operation=1 SourceHwAddress=[..6..] SourceProtAddress=[30, 0, 0, 2] DstHwAddress=[..6..] DstProtAddress=[30, 0, 0, 1]}

2021/06/23 12:20:32 Parsing info from Mondrian packet
2021/06/23 12:20:32 No IPv4 Layer decoded
2021/06/23 12:20:32 d1-eth1 received packet --> d1-eth0
2021/06/23 12:20:32 PACKET: 42 bytes, wire length 42 cap length 42 @ 2021-06-23 12:20:31.194788 +0000 UTC
- Layer 1 (14 bytes) = Ethernet	{Contents=[..14..] Payload=[..28..] SrcMAC=9a:98:76:fc:16:db DstMAC=ff:ff:ff:ff:ff:ff EthernetType=ARP Length=0}
- Layer 2 (28 bytes) = ARP	{Contents=[..28..] Payload=[] AddrType=Ethernet Protocol=IPv4 HwAddressSize=6 ProtAddressSize=4 Operation=1 SourceHwAddress=[..6..] SourceProtAddress=[30, 0, 0, 2] DstHwAddress=[..6..] DstProtAddress=[30, 0, 0, 1]}

2021/06/23 12:20:32 Parsing info from Mondrian packet
2021/06/23 12:20:32 No IPv4 Layer decoded
2021/06/23 12:20:33 d1-eth1 received packet --> d1-eth0
2021/06/23 12:20:33 PACKET: 168 bytes, wire length 168 cap length 168 @ 2021-06-23 12:20:32.993062 +0000 UTC
- Layer 1 (14 bytes) = Ethernet	{Contents=[..14..] Payload=[..154..] SrcMAC=9a:98:76:fc:16:db DstMAC=86:33:94:8a:21:c6 EthernetType=IPv4 Length=0}
- Layer 2 (20 bytes) = IPv4	{Contents=[..20..] Payload=[..134..] Version=4 IHL=5 TOS=0 Length=154 Id=0 Flags= FragOffset=0 TTL=0 Protocol=VRRP Checksum=0 SrcIP=30.0.0.2 DstIP=30.0.0.1 Options=[] Padding=[]}
- Layer 3 (36 bytes) = Mondrian	{Contents=[..36..] Payload=[..98..] Type=1 ZoneID=1 TimeStamp=2021-06-23 12:20:32 +0000 UTC Nonce=[..12..] MAC=[..16..]}
- Layer 4 (98 bytes) = Payload	98 byte(s)

2021/06/23 12:20:33 Parsing info from Mondrian packet
2021/06/23 12:20:33 IP layer detected
2021/06/23 12:20:33 Mondrian layer detected
2021/06/23 12:20:33 [KeyMan] GetKey(srcTP=30.0.0.2, destTP=30.0.0.1, zone=1)
2021/06/23 12:20:33 [KeyMan] Key in ingressL1Keys and not expired
2021/06/23 12:20:33 [KeyMan] Deriving L2 Key for zone 1
2021/06/23 12:20:33 30.0.0.1
2021/06/23 12:20:33 30.0.0.2
2021/06/23 12:20:33 1
2021/06/23 12:20:33 [181 144 72 74 156 87 50 134 18 80 147 203 75 214 90 113]
2021/06/23 12:20:33 Encrypted Payload:
2021/06/23 12:20:33 [185 174 214 77 132 22 215 253 5 104 225 221 200 113 107 240 231 158 3 184 174 104 196 21 192 83 251 18 248 53 84 133 154 255 162 234 149 32 83 186 240 53 233 83 248 180 153 78 0 19 245 115 55 73 45 129 88 217 234 241 138 224 254 245 188 156 170 152 78 174 192 162 16 204 13 114 131 204 17 130 23 48 36 154 36 173 86 35 117 103 215 21 253 198 47 246 189 39]
2021/06/23 12:20:33 [214 107 46 115 242 106 90 202 78 255 82 80 121 56 225 235]
2021/06/23 12:20:33 d1-eth0 received packet --> d1-eth1
2021/06/23 12:20:33 PACKET: 42 bytes, wire length 42 cap length 42 @ 2021-06-23 12:20:32.46524 +0000 UTC
- Layer 1 (14 bytes) = Ethernet	{Contents=[..14..] Payload=[..28..] SrcMAC=86:33:94:8a:21:c6 DstMAC=9a:98:76:fc:16:db EthernetType=ARP Length=0}
- Layer 2 (28 bytes) = ARP	{Contents=[..28..] Payload=[] AddrType=Ethernet Protocol=IPv4 HwAddressSize=6 ProtAddressSize=4 Operation=2 SourceHwAddress=[..6..] SourceProtAddress=[30, 0, 0, 1] DstHwAddress=[..6..] DstProtAddress=[30, 0, 0, 2]}

2021/06/23 12:20:33 [164 26 149 4 104 11 78 124 139 118 58 27]
2021/06/23 12:20:33 [1 1 0 0 16 39 211 96 164 26 149 4 104 11 78 124 139 118 58 27 214 107 46 115 242 106 90 202 78 255 82 80 121 56 225 235]
2021/06/23 12:20:33 No IPv4 Layer decoded
2021/06/23 12:20:33 d1-eth0 received packet --> d1-eth1
2021/06/23 12:20:33 Unencrypted Payload:
2021/06/23 12:20:33 [134 51 148 138 33 198 154 152 118 252 22 219 8 0 69 0 0 84 4 157 0 0 63 1 87 9 20 0 1 2 10 0 1 2 0 0 41 77 91 226 0 13 11 39 211 96 0 0 0 0 221 104 0 0 0 0 0 0 16 17 18 19 20 21 22 23 24 25 26 27 28 29 30 31 32 33 34 35 36 37 38 39 40 41 42 43 44 45 46 47 48 49 50 51 52 53 54 55]
2021/06/23 12:20:33 [214 107 46 115 242 106 90 202 78 255 82 80 121 56 225 235]
2021/06/23 12:20:33 [164 26 149 4 104 11 78 124 139 118 58 27]
2021/06/23 12:20:33 PACKET: 42 bytes, wire length 42 cap length 42 @ 2021-06-23 12:20:32.561333 +0000 UTC
- Layer 1 (14 bytes) = Ethernet	{Contents=[..14..] Payload=[..28..] SrcMAC=86:33:94:8a:21:c6 DstMAC=9a:98:76:fc:16:db EthernetType=ARP Length=0}
- Layer 2 (28 bytes) = ARP	{Contents=[..28..] Payload=[] AddrType=Ethernet Protocol=IPv4 HwAddressSize=6 ProtAddressSize=4 Operation=2 SourceHwAddress=[..6..] SourceProtAddress=[30, 0, 0, 1] DstHwAddress=[..6..] DstProtAddress=[30, 0, 0, 2]}

2021/06/23 12:20:33 No IPv4 Layer decoded
2021/06/23 12:20:33 [1 1 0 0 16 39 211 96 164 26 149 4 104 11 78 124 139 118 58 27 214 107 46 115 242 106 90 202 78 255 82 80 121 56 225 235]
2021/06/23 12:20:33 PACKET: 98 bytes
- Layer 1 (14 bytes) = Ethernet	{Contents=[..14..] Payload=[..84..] SrcMAC=9a:98:76:fc:16:db DstMAC=86:33:94:8a:21:c6 EthernetType=IPv4 Length=0}
- Layer 2 (20 bytes) = IPv4	{Contents=[..20..] Payload=[..64..] Version=4 IHL=5 TOS=0 Length=84 Id=1181 Flags= FragOffset=0 TTL=63 Protocol=ICMPv4 Checksum=22281 SrcIP=20.0.1.2 DstIP=10.0.1.2 Options=[] Padding=[]}
- Layer 3 (08 bytes) = ICMPv4	{Contents=[..8..] Payload=[..56..] TypeCode=EchoReply Checksum=10573 Id=23522 Seq=13}
- Layer 4 (56 bytes) = Payload	56 byte(s)

2021/06/23 12:20:34 d1-eth1 received packet --> d1-eth0
2021/06/23 12:20:34 PACKET: 168 bytes, wire length 168 cap length 168 @ 2021-06-23 12:20:33.150327 +0000 UTC
- Layer 1 (14 bytes) = Ethernet	{Contents=[..14..] Payload=[..154..] SrcMAC=9a:98:76:fc:16:db DstMAC=86:33:94:8a:21:c6 EthernetType=IPv4 Length=0}
- Layer 2 (20 bytes) = IPv4	{Contents=[..20..] Payload=[..134..] Version=4 IHL=5 TOS=0 Length=154 Id=0 Flags= FragOffset=0 TTL=0 Protocol=VRRP Checksum=0 SrcIP=30.0.0.2 DstIP=30.0.0.1 Options=[] Padding=[]}
- Layer 3 (36 bytes) = Mondrian	{Contents=[..36..] Payload=[..98..] Type=1 ZoneID=1 TimeStamp=2021-06-23 12:20:33 +0000 UTC Nonce=[..12..] MAC=[..16..]}
- Layer 4 (98 bytes) = Payload	98 byte(s)

2021/06/23 12:20:34 Parsing info from Mondrian packet
2021/06/23 12:20:34 IP layer detected
2021/06/23 12:20:34 Mondrian layer detected
2021/06/23 12:20:34 [KeyMan] GetKey(srcTP=30.0.0.2, destTP=30.0.0.1, zone=1)
2021/06/23 12:20:34 [KeyMan] Key in ingressL1Keys and not expired
2021/06/23 12:20:34 [KeyMan] Deriving L2 Key for zone 1
2021/06/23 12:20:34 30.0.0.1
2021/06/23 12:20:34 30.0.0.2
2021/06/23 12:20:34 1
2021/06/23 12:20:34 [181 144 72 74 156 87 50 134 18 80 147 203 75 214 90 113]
2021/06/23 12:20:34 Encrypted Payload:
2021/06/23 12:20:34 [93 194 57 43 36 75 116 243 140 255 220 193 129 215 239 53 89 153 183 119 179 248 152 230 251 105 12 233 131 124 28 68 202 136 47 91 80 146 248 183 208 125 144 10 206 181 148 98 99 184 126 173 181 14 203 32 11 225 209 101 129 252 86 187 98 210 212 108 171 25 89 68 91 207 151 112 117 211 206 134 91 199 164 34 156 243 53 172 87 43 5 102 137 209 119 91 80 8]
2021/06/23 12:20:34 [55 50 154 196 39 193 250 228 86 95 55 115 6 171 94 203]
2021/06/23 12:20:34 [29 73 212 149 92 132 134 33 99 37 37 63]
2021/06/23 12:20:34 [1 1 0 0 17 39 211 96 29 73 212 149 92 132 134 33 99 37 37 63 55 50 154 196 39 193 250 228 86 95 55 115 6 171 94 203]
2021/06/23 12:20:34 Unencrypted Payload:
2021/06/23 12:20:34 [134 51 148 138 33 198 154 152 118 252 22 219 8 0 69 0 0 84 4 211 0 0 63 1 86 211 20 0 1 2 10 0 1 2 0 0 55 67 91 226 0 14 12 39 211 96 0 0 0 0 206 113 0 0 0 0 0 0 16 17 18 19 20 21 22 23 24 25 26 27 28 29 30 31 32 33 34 35 36 37 38 39 40 41 42 43 44 45 46 47 48 49 50 51 52 53 54 55]
2021/06/23 12:20:34 [55 50 154 196 39 193 250 228 86 95 55 115 6 171 94 203]
2021/06/23 12:20:34 [29 73 212 149 92 132 134 33 99 37 37 63]
2021/06/23 12:20:34 [1 1 0 0 17 39 211 96 29 73 212 149 92 132 134 33 99 37 37 63 55 50 154 196 39 193 250 228 86 95 55 115 6 171 94 203]
2021/06/23 12:20:34 PACKET: 98 bytes
- Layer 1 (14 bytes) = Ethernet	{Contents=[..14..] Payload=[..84..] SrcMAC=9a:98:76:fc:16:db DstMAC=86:33:94:8a:21:c6 EthernetType=IPv4 Length=0}
- Layer 2 (20 bytes) = IPv4	{Contents=[..20..] Payload=[..64..] Version=4 IHL=5 TOS=0 Length=84 Id=1235 Flags= FragOffset=0 TTL=63 Protocol=ICMPv4 Checksum=22227 SrcIP=20.0.1.2 DstIP=10.0.1.2 Options=[] Padding=[]}
- Layer 3 (08 bytes) = ICMPv4	{Contents=[..8..] Payload=[..56..] TypeCode=EchoReply Checksum=14147 Id=23522 Seq=14}
- Layer 4 (56 bytes) = Payload	56 byte(s)

2021/06/23 12:20:34 d1-eth1 received packet --> d1-eth0
2021/06/23 12:20:34 PACKET: 168 bytes, wire length 168 cap length 168 @ 2021-06-23 12:20:33.658908 +0000 UTC
- Layer 1 (14 bytes) = Ethernet	{Contents=[..14..] Payload=[..154..] SrcMAC=9a:98:76:fc:16:db DstMAC=86:33:94:8a:21:c6 EthernetType=IPv4 Length=0}
- Layer 2 (20 bytes) = IPv4	{Contents=[..20..] Payload=[..134..] Version=4 IHL=5 TOS=0 Length=154 Id=0 Flags= FragOffset=0 TTL=0 Protocol=VRRP Checksum=0 SrcIP=30.0.0.2 DstIP=30.0.0.1 Options=[] Padding=[]}
- Layer 3 (36 bytes) = Mondrian	{Contents=[..36..] Payload=[..98..] Type=1 ZoneID=1 TimeStamp=2021-06-23 12:20:33 +0000 UTC Nonce=[..12..] MAC=[..16..]}
- Layer 4 (98 bytes) = Payload	98 byte(s)

2021/06/23 12:20:34 Parsing info from Mondrian packet
2021/06/23 12:20:34 IP layer detected
2021/06/23 12:20:34 Mondrian layer detected
2021/06/23 12:20:34 [KeyMan] GetKey(srcTP=30.0.0.2, destTP=30.0.0.1, zone=1)
2021/06/23 12:20:34 [KeyMan] Key in ingressL1Keys and not expired
2021/06/23 12:20:34 [KeyMan] Deriving L2 Key for zone 1
2021/06/23 12:20:34 30.0.0.1
2021/06/23 12:20:34 30.0.0.2
2021/06/23 12:20:34 1
2021/06/23 12:20:34 [181 144 72 74 156 87 50 134 18 80 147 203 75 214 90 113]
2021/06/23 12:20:34 Encrypted Payload:
2021/06/23 12:20:34 [23 253 251 223 71 186 2 47 33 85 121 187 156 199 66 181 47 93 61 137 26 78 139 80 222 94 113 175 146 182 250 80 226 83 30 151 41 63 57 202 38 244 15 25 65 21 252 131 164 19 162 192 243 40 66 140 23 166 199 188 195 103 109 72 42 198 68 88 93 121 8 196 230 120 225 145 130 133 222 166 127 184 219 24 242 59 157 56 251 123 31 239 44 181 209 56 234 69]
2021/06/23 12:20:34 [237 43 215 179 43 186 122 73 192 216 144 160 192 213 150 139]
2021/06/23 12:20:34 [236 115 141 215 169 226 139 249 33 17 156 22]
2021/06/23 12:20:34 [1 1 0 0 17 39 211 96 236 115 141 215 169 226 139 249 33 17 156 22 237 43 215 179 43 186 122 73 192 216 144 160 192 213 150 139]
2021/06/23 12:20:34 Unencrypted Payload:
2021/06/23 12:20:34 [134 51 148 138 33 198 154 152 118 252 22 219 8 0 69 0 0 84 5 45 0 0 63 1 86 121 20 0 1 2 10 0 1 2 0 0 73 49 91 226 0 15 13 39 211 96 0 0 0 0 187 130 0 0 0 0 0 0 16 17 18 19 20 21 22 23 24 25 26 27 28 29 30 31 32 33 34 35 36 37 38 39 40 41 42 43 44 45 46 47 48 49 50 51 52 53 54 55]
2021/06/23 12:20:34 [237 43 215 179 43 186 122 73 192 216 144 160 192 213 150 139]
2021/06/23 12:20:34 [236 115 141 215 169 226 139 249 33 17 156 22]
2021/06/23 12:20:34 [1 1 0 0 17 39 211 96 236 115 141 215 169 226 139 249 33 17 156 22 237 43 215 179 43 186 122 73 192 216 144 160 192 213 150 139]
2021/06/23 12:20:34 PACKET: 98 bytes
- Layer 1 (14 bytes) = Ethernet	{Contents=[..14..] Payload=[..84..] SrcMAC=9a:98:76:fc:16:db DstMAC=86:33:94:8a:21:c6 EthernetType=IPv4 Length=0}
- Layer 2 (20 bytes) = IPv4	{Contents=[..20..] Payload=[..64..] Version=4 IHL=5 TOS=0 Length=84 Id=1325 Flags= FragOffset=0 TTL=63 Protocol=ICMPv4 Checksum=22137 SrcIP=20.0.1.2 DstIP=10.0.1.2 Options=[] Padding=[]}
- Layer 3 (08 bytes) = ICMPv4	{Contents=[..8..] Payload=[..56..] TypeCode=EchoReply Checksum=18737 Id=23522 Seq=15}
- Layer 4 (56 bytes) = Payload	56 byte(s)

2021/06/23 12:20:34 d1-eth1 received packet --> d1-eth0
2021/06/23 12:20:34 PACKET: 168 bytes, wire length 168 cap length 168 @ 2021-06-23 12:20:33.84786 +0000 UTC
- Layer 1 (14 bytes) = Ethernet	{Contents=[..14..] Payload=[..154..] SrcMAC=9a:98:76:fc:16:db DstMAC=86:33:94:8a:21:c6 EthernetType=IPv4 Length=0}
- Layer 2 (20 bytes) = IPv4	{Contents=[..20..] Payload=[..134..] Version=4 IHL=5 TOS=0 Length=154 Id=0 Flags= FragOffset=0 TTL=0 Protocol=VRRP Checksum=0 SrcIP=30.0.0.2 DstIP=30.0.0.1 Options=[] Padding=[]}
- Layer 3 (36 bytes) = Mondrian	{Contents=[..36..] Payload=[..98..] Type=1 ZoneID=1 TimeStamp=2021-06-23 12:20:33 +0000 UTC Nonce=[..12..] MAC=[..16..]}
- Layer 4 (98 bytes) = Payload	98 byte(s)

2021/06/23 12:20:34 Parsing info from Mondrian packet
2021/06/23 12:20:34 IP layer detected
2021/06/23 12:20:34 Mondrian layer detected
2021/06/23 12:20:34 [KeyMan] GetKey(srcTP=30.0.0.2, destTP=30.0.0.1, zone=1)
2021/06/23 12:20:34 [KeyMan] Key in ingressL1Keys and not expired
2021/06/23 12:20:34 [KeyMan] Deriving L2 Key for zone 1
2021/06/23 12:20:34 30.0.0.1
2021/06/23 12:20:34 30.0.0.2
2021/06/23 12:20:34 1
2021/06/23 12:20:34 [181 144 72 74 156 87 50 134 18 80 147 203 75 214 90 113]
2021/06/23 12:20:34 Encrypted Payload:
2021/06/23 12:20:34 [237 93 80 94 50 112 32 218 136 79 58 37 146 80 76 130 178 182 21 191 237 191 43 252 52 233 250 1 115 203 105 49 87 202 3 217 115 9 247 77 217 77 219 137 82 232 164 123 62 52 168 151 36 242 226 146 60 0 82 194 201 198 236 159 145 112 194 89 78 239 55 71 21 214 221 67 155 191 142 30 51 212 219 240 228 105 4 119 183 116 201 115 69 41 79 141 12 100]
2021/06/23 12:20:34 [37 236 130 78 231 33 18 62 18 224 197 56 250 35 52 157]
2021/06/23 12:20:35 [15 7 2 68 134 21 187 218 8 49 63 106]
2021/06/23 12:20:35 [1 1 0 0 17 39 211 96 15 7 2 68 134 21 187 218 8 49 63 106 37 236 130 78 231 33 18 62 18 224 197 56 250 35 52 157]
2021/06/23 12:20:35 Unencrypted Payload:
2021/06/23 12:20:35 [134 51 148 138 33 198 154 152 118 252 22 219 8 0 69 0 0 84 5 49 0 0 63 1 86 117 20 0 1 2 10 0 1 2 0 0 125 241 91 226 0 16 14 39 211 96 0 0 0 0 133 193 0 0 0 0 0 0 16 17 18 19 20 21 22 23 24 25 26 27 28 29 30 31 32 33 34 35 36 37 38 39 40 41 42 43 44 45 46 47 48 49 50 51 52 53 54 55]
2021/06/23 12:20:35 [37 236 130 78 231 33 18 62 18 224 197 56 250 35 52 157]
2021/06/23 12:20:35 [15 7 2 68 134 21 187 218 8 49 63 106]
2021/06/23 12:20:35 [1 1 0 0 17 39 211 96 15 7 2 68 134 21 187 218 8 49 63 106 37 236 130 78 231 33 18 62 18 224 197 56 250 35 52 157]
2021/06/23 12:20:35 PACKET: 98 bytes
- Layer 1 (14 bytes) = Ethernet	{Contents=[..14..] Payload=[..84..] SrcMAC=9a:98:76:fc:16:db DstMAC=86:33:94:8a:21:c6 EthernetType=IPv4 Length=0}
- Layer 2 (20 bytes) = IPv4	{Contents=[..20..] Payload=[..64..] Version=4 IHL=5 TOS=0 Length=84 Id=1329 Flags= FragOffset=0 TTL=63 Protocol=ICMPv4 Checksum=22133 SrcIP=20.0.1.2 DstIP=10.0.1.2 Options=[] Padding=[]}
- Layer 3 (08 bytes) = ICMPv4	{Contents=[..8..] Payload=[..56..] TypeCode=EchoReply Checksum=32241 Id=23522 Seq=16}
- Layer 4 (56 bytes) = Payload	56 byte(s)

